<?xml version="1.0" encoding="UTF-8"?>
<!-- Generated by org.testng.reporters.JUnitXMLReporter -->
<testsuite ignored="0" hostname="LAPTOP-PLNO5R2G" failures="0" tests="9" name="Default test" time="25.561" errors="0" timestamp="2023-03-21T22:12:38 PDT">
  <testcase classname="UsingLoops.Amazon_UsingLoops" name="openSignTab" time="0.68"/>
  <testcase classname="UsingLoops.Amazon_UsingLoops" name="userName" time="0.649"/>
  <testcase classname="UsingLoops.Amazon_UsingLoops" name="passWord" time="0.143"/>
  <testcase classname="UsingLoops.Amazon_UsingLoops" name="searchItem" time="4.702"/>
  <testcase classname="UsingLoops.Amazon_UsingLoops" name="chooseItem1" time="4.068"/>
  <testcase classname="UsingLoops.Amazon_UsingLoops" name="itemSize" time="0.034"/>
  <testcase classname="UsingLoops.Amazon_UsingLoops" name="addToCart" time="3.847"/>
  <testcase classname="UsingLoops.Amazon_UsingLoops" name="clickOnHomeButton" time="1.436"/>
  <testcase classname="UsingLoops.Amazon_UsingLoops" name="signOut" time="5.11"/>
</testsuite> <!-- Default test -->
