<?xml version="1.0" encoding="UTF-8"?>
<!-- Generated by org.testng.reporters.JUnitXMLReporter -->
<testsuite hostname="LAPTOP-PLNO5R2G" ignored="0" name="Test" tests="6" failures="0" timestamp="22 Mar 2023 05:30:07 GMT" time="9.465" errors="0">
  <testcase name="clickOnCreateANewAccountButton" time="2.072" classname="UsingLoops.FaceBook_CreateAnAccount_DropDown_UsingLoops"/>
  <testcase name="userInformation" time="0.475" classname="UsingLoops.FaceBook_CreateAnAccount_DropDown_UsingLoops"/>
  <testcase name="userBirthdayDropdown" time="1.239" classname="UsingLoops.FaceBook_CreateAnAccount_DropDown_UsingLoops"/>
  <testcase name="selectGenderCustom" time="0.121" classname="UsingLoops.FaceBook_CreateAnAccount_DropDown_UsingLoops"/>
  <testcase name="selectGenderPronoun" time="2.124" classname="UsingLoops.FaceBook_CreateAnAccount_DropDown_UsingLoops"/>
  <testcase name="optionalGender" time="0.131" classname="UsingLoops.FaceBook_CreateAnAccount_DropDown_UsingLoops"/>
</testsuite> <!-- Test -->
