<?xml version="1.0" encoding="UTF-8"?>
<testng-results skipped="0" failed="1" ignored="0" total="15" passed="14">
  <reporter-output>
  </reporter-output>
  <suite name="Suite" duration-ms="9465" started-at="2023-03-22T05:29:57Z" finished-at="2023-03-22T05:30:07Z">
    <groups>
    </groups>
    <test name="Test" duration-ms="9465" started-at="2023-03-22T05:29:57Z" finished-at="2023-03-22T05:30:07Z">
      <class name="UsingLoops.FaceBook_CreateAnAccount_DropDown_UsingLoops">
        <test-method status="PASS" signature="launchUrl(java.lang.String)[pri:0, instance:UsingLoops.FaceBook_CreateAnAccount_DropDown_UsingLoops@384ad17b]" name="launchUrl" is-config="true" duration-ms="3289" started-at="2023-03-22T05:29:57Z" finished-at="2023-03-22T05:30:00Z">
          <params>
            <param index="0">
              <value>
                <![CDATA[https://facebook.com]]>
              </value>
            </param>
          </params>
          <reporter-output>
          </reporter-output>
        </test-method> <!-- launchUrl -->
        <test-method status="PASS" signature="clickOnCreateANewAccountButton()[pri:1, instance:UsingLoops.FaceBook_CreateAnAccount_DropDown_UsingLoops@384ad17b]" name="clickOnCreateANewAccountButton" duration-ms="2072" started-at="2023-03-22T05:30:01Z" finished-at="2023-03-22T05:30:03Z">
          <reporter-output>
          </reporter-output>
        </test-method> <!-- clickOnCreateANewAccountButton -->
        <test-method status="PASS" signature="userInformation(java.lang.String, java.lang.String, java.lang.String, java.lang.String, java.lang.String)[pri:2, instance:UsingLoops.FaceBook_CreateAnAccount_DropDown_UsingLoops@384ad17b]" name="userInformation" duration-ms="475" started-at="2023-03-22T05:30:03Z" depends-on-methods="UsingLoops.FaceBook_CreateAnAccount_DropDown_UsingLoops.clickOnCreateANewAccountButton" finished-at="2023-03-22T05:30:03Z">
          <params>
            <param index="0">
              <value>
                <![CDATA[Raven]]>
              </value>
            </param>
            <param index="1">
              <value>
                <![CDATA[Man]]>
              </value>
            </param>
            <param index="2">
              <value>
                <![CDATA[chowdhurygs@rediffmail.com]]>
              </value>
            </param>
            <param index="3">
              <value>
                <![CDATA[chowdhurygs@rediffmail.com]]>
              </value>
            </param>
            <param index="4">
              <value>
                <![CDATA[Shajlee1234]]>
              </value>
            </param>
          </params>
          <reporter-output>
          </reporter-output>
        </test-method> <!-- userInformation -->
        <test-method status="PASS" signature="userBirthdayDropdown()[pri:3, instance:UsingLoops.FaceBook_CreateAnAccount_DropDown_UsingLoops@384ad17b]" name="userBirthdayDropdown" duration-ms="1239" started-at="2023-03-22T05:30:03Z" depends-on-methods="UsingLoops.FaceBook_CreateAnAccount_DropDown_UsingLoops.clickOnCreateANewAccountButton, UsingLoops.FaceBook_CreateAnAccount_DropDown_UsingLoops.userInformation" finished-at="2023-03-22T05:30:04Z">
          <reporter-output>
          </reporter-output>
        </test-method> <!-- userBirthdayDropdown -->
        <test-method status="PASS" signature="selectGenderCustom()[pri:4, instance:UsingLoops.FaceBook_CreateAnAccount_DropDown_UsingLoops@384ad17b]" name="selectGenderCustom" duration-ms="121" started-at="2023-03-22T05:30:04Z" depends-on-methods="UsingLoops.FaceBook_CreateAnAccount_DropDown_UsingLoops.clickOnCreateANewAccountButton, UsingLoops.FaceBook_CreateAnAccount_DropDown_UsingLoops.userInformation, UsingLoops.FaceBook_CreateAnAccount_DropDown_UsingLoops.userBirthdayDropdown" finished-at="2023-03-22T05:30:04Z">
          <reporter-output>
          </reporter-output>
        </test-method> <!-- selectGenderCustom -->
        <test-method status="PASS" signature="selectGenderPronoun()[pri:5, instance:UsingLoops.FaceBook_CreateAnAccount_DropDown_UsingLoops@384ad17b]" name="selectGenderPronoun" duration-ms="2124" started-at="2023-03-22T05:30:04Z" depends-on-methods="UsingLoops.FaceBook_CreateAnAccount_DropDown_UsingLoops.clickOnCreateANewAccountButton, UsingLoops.FaceBook_CreateAnAccount_DropDown_UsingLoops.selectGenderCustom, UsingLoops.FaceBook_CreateAnAccount_DropDown_UsingLoops.userInformation, UsingLoops.FaceBook_CreateAnAccount_DropDown_UsingLoops.userBirthdayDropdown" finished-at="2023-03-22T05:30:07Z">
          <reporter-output>
          </reporter-output>
        </test-method> <!-- selectGenderPronoun -->
        <test-method status="PASS" signature="optionalGender(java.lang.String)[pri:6, instance:UsingLoops.FaceBook_CreateAnAccount_DropDown_UsingLoops@384ad17b]" name="optionalGender" duration-ms="131" started-at="2023-03-22T05:30:07Z" depends-on-methods="UsingLoops.FaceBook_CreateAnAccount_DropDown_UsingLoops.selectGenderPronoun, UsingLoops.FaceBook_CreateAnAccount_DropDown_UsingLoops.clickOnCreateANewAccountButton, UsingLoops.FaceBook_CreateAnAccount_DropDown_UsingLoops.selectGenderCustom, UsingLoops.FaceBook_CreateAnAccount_DropDown_UsingLoops.userInformation, UsingLoops.FaceBook_CreateAnAccount_DropDown_UsingLoops.userBirthdayDropdown" finished-at="2023-03-22T05:30:07Z">
          <params>
            <param index="0">
              <value>
                <![CDATA[nonbinary]]>
              </value>
            </param>
          </params>
          <reporter-output>
          </reporter-output>
        </test-method> <!-- optionalGender -->
        <test-method status="PASS" signature="tearDown()[pri:0, instance:UsingLoops.FaceBook_CreateAnAccount_DropDown_UsingLoops@384ad17b]" name="tearDown" is-config="true" duration-ms="0" started-at="2023-03-22T05:30:07Z" finished-at="2023-03-22T05:30:07Z">
          <reporter-output>
          </reporter-output>
        </test-method> <!-- tearDown -->
      </class> <!-- UsingLoops.FaceBook_CreateAnAccount_DropDown_UsingLoops -->
    </test> <!-- Test -->
  </suite> <!-- Suite -->
  <suite name="Suite (0)" duration-ms="21946" started-at="2023-03-22T05:30:07Z" finished-at="2023-03-22T05:30:29Z">
    <groups>
    </groups>
    <test name="Test" duration-ms="21946" started-at="2023-03-22T05:30:07Z" finished-at="2023-03-22T05:30:29Z">
      <class name="UsingLoops.Amazon_UsingLoops">
        <test-method status="PASS" signature="launchUrl(java.lang.String)[pri:0, instance:UsingLoops.Amazon_UsingLoops@4fb61f4a]" name="launchUrl" is-config="true" duration-ms="4014" started-at="2023-03-22T05:30:07Z" finished-at="2023-03-22T05:30:11Z">
          <params>
            <param index="0">
              <value>
                <![CDATA[https://amazon.com]]>
              </value>
            </param>
          </params>
          <reporter-output>
          </reporter-output>
        </test-method> <!-- launchUrl -->
        <test-method status="PASS" signature="openSignTab()[pri:1, instance:UsingLoops.Amazon_UsingLoops@4fb61f4a]" name="openSignTab" duration-ms="748" started-at="2023-03-22T05:30:11Z" finished-at="2023-03-22T05:30:11Z">
          <reporter-output>
          </reporter-output>
        </test-method> <!-- openSignTab -->
        <test-method status="PASS" signature="userName(java.lang.String)[pri:2, instance:UsingLoops.Amazon_UsingLoops@4fb61f4a]" name="userName" duration-ms="873" started-at="2023-03-22T05:30:11Z" depends-on-methods="UsingLoops.Amazon_UsingLoops.openSignTab" finished-at="2023-03-22T05:30:12Z">
          <params>
            <param index="0">
              <value>
                <![CDATA[chowdhurygs@rediffmail.com]]>
              </value>
            </param>
          </params>
          <reporter-output>
          </reporter-output>
        </test-method> <!-- userName -->
        <test-method status="PASS" signature="passWord(java.lang.String)[pri:3, instance:UsingLoops.Amazon_UsingLoops@4fb61f4a]" name="passWord" duration-ms="132" started-at="2023-03-22T05:30:12Z" depends-on-methods="UsingLoops.Amazon_UsingLoops.openSignTab, UsingLoops.Amazon_UsingLoops.userName" finished-at="2023-03-22T05:30:12Z">
          <params>
            <param index="0">
              <value>
                <![CDATA[Shajlee1@]]>
              </value>
            </param>
          </params>
          <reporter-output>
          </reporter-output>
        </test-method> <!-- passWord -->
        <test-method status="PASS" signature="searchItem(java.lang.String)[pri:4, instance:UsingLoops.Amazon_UsingLoops@4fb61f4a]" name="searchItem" duration-ms="4572" started-at="2023-03-22T05:30:12Z" depends-on-methods="UsingLoops.Amazon_UsingLoops.passWord, UsingLoops.Amazon_UsingLoops.openSignTab, UsingLoops.Amazon_UsingLoops.userName" finished-at="2023-03-22T05:30:17Z">
          <params>
            <param index="0">
              <value>
                <![CDATA[Drum Sticks]]>
              </value>
            </param>
          </params>
          <reporter-output>
          </reporter-output>
        </test-method> <!-- searchItem -->
        <test-method status="PASS" signature="chooseItem1()[pri:5, instance:UsingLoops.Amazon_UsingLoops@4fb61f4a]" name="chooseItem1" duration-ms="4058" started-at="2023-03-22T05:30:17Z" depends-on-methods="UsingLoops.Amazon_UsingLoops.passWord, UsingLoops.Amazon_UsingLoops.openSignTab, UsingLoops.Amazon_UsingLoops.searchItem, UsingLoops.Amazon_UsingLoops.userName" finished-at="2023-03-22T05:30:21Z">
          <reporter-output>
          </reporter-output>
        </test-method> <!-- chooseItem1 -->
        <test-method status="PASS" signature="itemSize()[pri:6, instance:UsingLoops.Amazon_UsingLoops@4fb61f4a]" name="itemSize" duration-ms="77" started-at="2023-03-22T05:30:21Z" depends-on-methods="UsingLoops.Amazon_UsingLoops.passWord, UsingLoops.Amazon_UsingLoops.chooseItem1, UsingLoops.Amazon_UsingLoops.openSignTab, UsingLoops.Amazon_UsingLoops.searchItem, UsingLoops.Amazon_UsingLoops.userName" finished-at="2023-03-22T05:30:21Z">
          <reporter-output>
          </reporter-output>
        </test-method> <!-- itemSize -->
        <test-method status="PASS" signature="addToCart()[pri:7, instance:UsingLoops.Amazon_UsingLoops@4fb61f4a]" name="addToCart" duration-ms="3738" started-at="2023-03-22T05:30:21Z" depends-on-methods="UsingLoops.Amazon_UsingLoops.passWord, UsingLoops.Amazon_UsingLoops.chooseItem1, UsingLoops.Amazon_UsingLoops.openSignTab, UsingLoops.Amazon_UsingLoops.searchItem, UsingLoops.Amazon_UsingLoops.itemSize, UsingLoops.Amazon_UsingLoops.userName" finished-at="2023-03-22T05:30:25Z">
          <reporter-output>
          </reporter-output>
        </test-method> <!-- addToCart -->
        <test-method status="PASS" signature="clickOnHomeButton()[pri:8, instance:UsingLoops.Amazon_UsingLoops@4fb61f4a]" name="clickOnHomeButton" duration-ms="1451" started-at="2023-03-22T05:30:25Z" depends-on-methods="UsingLoops.Amazon_UsingLoops.passWord, UsingLoops.Amazon_UsingLoops.chooseItem1, UsingLoops.Amazon_UsingLoops.openSignTab, UsingLoops.Amazon_UsingLoops.searchItem, UsingLoops.Amazon_UsingLoops.addToCart, UsingLoops.Amazon_UsingLoops.itemSize, UsingLoops.Amazon_UsingLoops.userName" finished-at="2023-03-22T05:30:26Z">
          <reporter-output>
          </reporter-output>
        </test-method> <!-- clickOnHomeButton -->
        <test-method status="FAIL" signature="signOut()[pri:9, instance:UsingLoops.Amazon_UsingLoops@4fb61f4a]" name="signOut" duration-ms="2269" started-at="2023-03-22T05:30:26Z" depends-on-methods="UsingLoops.Amazon_UsingLoops.passWord, UsingLoops.Amazon_UsingLoops.chooseItem1, UsingLoops.Amazon_UsingLoops.clickOnHomeButton, UsingLoops.Amazon_UsingLoops.openSignTab, UsingLoops.Amazon_UsingLoops.searchItem, UsingLoops.Amazon_UsingLoops.addToCart, UsingLoops.Amazon_UsingLoops.itemSize, UsingLoops.Amazon_UsingLoops.userName" finished-at="2023-03-22T05:30:29Z">
          <exception class="org.openqa.selenium.ElementNotInteractableException">
            <message>
              <![CDATA[element not interactable
  (Session info: chrome=111.0.5563.65)
Build info: version: '4.8.1', revision: '8ebccac989'
System info: os.name: 'Windows 11', os.arch: 'amd64', os.version: '10.0', java.version: '1.8.0_333'
Driver info: org.openqa.selenium.chrome.ChromeDriver
Command: [3e6481e581549a1756a57b06f2c97c04, clickElement {id=0fa81cd8-61d3-4f74-8fb5-395b254dbfa6}]
Capabilities {acceptInsecureCerts: false, browserName: chrome, browserVersion: 111.0.5563.65, chrome: {chromedriverVersion: 111.0.5563.64 (c710e93d5b63..., userDataDir: C:\Users\chowd\AppData\Loca...}, goog:chromeOptions: {debuggerAddress: localhost:64518}, networkConnectionEnabled: false, pageLoadStrategy: normal, platformName: WINDOWS, proxy: Proxy(), se:cdp: ws://localhost:64518/devtoo..., se:cdpVersion: 111.0.5563.65, setWindowRect: true, strictFileInteractability: false, timeouts: {implicit: 0, pageLoad: 300000, script: 30000}, unhandledPromptBehavior: dismiss and notify, webauthn:extension:credBlob: true, webauthn:extension:largeBlob: true, webauthn:extension:minPinLength: true, webauthn:extension:prf: true, webauthn:virtualAuthenticators: true}
Element: [[ChromeDriver: chrome on WINDOWS (3e6481e581549a1756a57b06f2c97c04)] -> xpath: //span[text() = 'Sign Out']]
Session ID: 3e6481e581549a1756a57b06f2c97c04]]>
            </message>
            <full-stacktrace>
              <![CDATA[org.openqa.selenium.ElementNotInteractableException: element not interactable
  (Session info: chrome=111.0.5563.65)
Build info: version: '4.8.1', revision: '8ebccac989'
System info: os.name: 'Windows 11', os.arch: 'amd64', os.version: '10.0', java.version: '1.8.0_333'
Driver info: org.openqa.selenium.chrome.ChromeDriver
Command: [3e6481e581549a1756a57b06f2c97c04, clickElement {id=0fa81cd8-61d3-4f74-8fb5-395b254dbfa6}]
Capabilities {acceptInsecureCerts: false, browserName: chrome, browserVersion: 111.0.5563.65, chrome: {chromedriverVersion: 111.0.5563.64 (c710e93d5b63..., userDataDir: C:\Users\chowd\AppData\Loca...}, goog:chromeOptions: {debuggerAddress: localhost:64518}, networkConnectionEnabled: false, pageLoadStrategy: normal, platformName: WINDOWS, proxy: Proxy(), se:cdp: ws://localhost:64518/devtoo..., se:cdpVersion: 111.0.5563.65, setWindowRect: true, strictFileInteractability: false, timeouts: {implicit: 0, pageLoad: 300000, script: 30000}, unhandledPromptBehavior: dismiss and notify, webauthn:extension:credBlob: true, webauthn:extension:largeBlob: true, webauthn:extension:minPinLength: true, webauthn:extension:prf: true, webauthn:virtualAuthenticators: true}
Element: [[ChromeDriver: chrome on WINDOWS (3e6481e581549a1756a57b06f2c97c04)] -> xpath: //span[text() = 'Sign Out']]
Session ID: 3e6481e581549a1756a57b06f2c97c04
at sun.reflect.NativeConstructorAccessorImpl.newInstance0(Native Method)
at sun.reflect.NativeConstructorAccessorImpl.newInstance(NativeConstructorAccessorImpl.java:62)
at sun.reflect.DelegatingConstructorAccessorImpl.newInstance(DelegatingConstructorAccessorImpl.java:45)
at java.lang.reflect.Constructor.newInstance(Constructor.java:423)
at org.openqa.selenium.remote.codec.w3c.W3CHttpResponseCodec.createException(W3CHttpResponseCodec.java:200)
at org.openqa.selenium.remote.codec.w3c.W3CHttpResponseCodec.decode(W3CHttpResponseCodec.java:133)
at org.openqa.selenium.remote.codec.w3c.W3CHttpResponseCodec.decode(W3CHttpResponseCodec.java:53)
at org.openqa.selenium.remote.HttpCommandExecutor.execute(HttpCommandExecutor.java:184)
at org.openqa.selenium.remote.service.DriverCommandExecutor.invokeExecute(DriverCommandExecutor.java:167)
at org.openqa.selenium.remote.service.DriverCommandExecutor.execute(DriverCommandExecutor.java:142)
at org.openqa.selenium.remote.RemoteWebDriver.execute(RemoteWebDriver.java:543)
at org.openqa.selenium.remote.RemoteWebElement.execute(RemoteWebElement.java:257)
at org.openqa.selenium.remote.RemoteWebElement.click(RemoteWebElement.java:78)
at UsingLoops.Amazon_UsingLoops.signOut(Amazon_UsingLoops.java:98)
at sun.reflect.NativeMethodAccessorImpl.invoke0(Native Method)
at sun.reflect.NativeMethodAccessorImpl.invoke(NativeMethodAccessorImpl.java:62)
at sun.reflect.DelegatingMethodAccessorImpl.invoke(DelegatingMethodAccessorImpl.java:43)
at java.lang.reflect.Method.invoke(Method.java:498)
at org.testng.internal.MethodInvocationHelper.invokeMethod(MethodInvocationHelper.java:124)
at org.testng.internal.Invoker.invokeMethod(Invoker.java:583)
at org.testng.internal.Invoker.invokeTestMethod(Invoker.java:719)
at org.testng.internal.Invoker.invokeTestMethods(Invoker.java:989)
at org.testng.internal.TestMethodWorker.invokeTestMethods(TestMethodWorker.java:125)
at org.testng.internal.TestMethodWorker.run(TestMethodWorker.java:109)
at org.testng.TestRunner.privateRun(TestRunner.java:648)
at org.testng.TestRunner.run(TestRunner.java:505)
at org.testng.SuiteRunner.runTest(SuiteRunner.java:455)
at org.testng.SuiteRunner.runSequentially(SuiteRunner.java:450)
at org.testng.SuiteRunner.privateRun(SuiteRunner.java:415)
at org.testng.SuiteRunner.run(SuiteRunner.java:364)
at org.testng.SuiteRunnerWorker.runSuite(SuiteRunnerWorker.java:52)
at org.testng.SuiteRunnerWorker.run(SuiteRunnerWorker.java:84)
at org.testng.TestNG.runSuitesSequentially(TestNG.java:1208)
at org.testng.TestNG.runSuitesLocally(TestNG.java:1137)
at org.testng.TestNG.runSuites(TestNG.java:1049)
at org.testng.TestNG.run(TestNG.java:1017)
at org.apache.maven.surefire.testng.TestNGExecutor.run(TestNGExecutor.java:308)
at org.apache.maven.surefire.testng.TestNGXmlTestSuite.execute(TestNGXmlTestSuite.java:71)
at org.apache.maven.surefire.testng.TestNGProvider.invoke(TestNGProvider.java:113)
at org.apache.maven.surefire.booter.ForkedBooter.runSuitesInProcess(ForkedBooter.java:385)
at org.apache.maven.surefire.booter.ForkedBooter.execute(ForkedBooter.java:162)
at org.apache.maven.surefire.booter.ForkedBooter.run(ForkedBooter.java:507)
at org.apache.maven.surefire.booter.ForkedBooter.main(ForkedBooter.java:495)
]]>
            </full-stacktrace>
          </exception> <!-- org.openqa.selenium.ElementNotInteractableException -->
          <reporter-output>
          </reporter-output>
        </test-method> <!-- signOut -->
      </class> <!-- UsingLoops.Amazon_UsingLoops -->
    </test> <!-- Test -->
  </suite> <!-- Suite (0) -->
</testng-results>
