<?xml version="1.0" encoding="UTF-8"?>
<testsuite xmlns:xsi="http://www.w3.org/2001/XMLSchema-instance" xsi:noNamespaceSchemaLocation="https://maven.apache.org/surefire/maven-surefire-plugin/xsd/surefire-test-report-3.0.xsd" version="3.0" name="TestSuite" time="32.592" tests="15" errors="0" skipped="0" failures="1">
  <properties>
[...]
</properties>
  <testcase name="clickOnCreateANewAccountButton" classname="UsingLoops.FaceBook_CreateAnAccount_DropDown_UsingLoops" time="2.074">
    <system-out><![CDATA[[TestNGContentHandler] [WARN] It is strongly recommended to add "<!DOCTYPE suite SYSTEM "http://testng.org/testng-1.0.dtd" >" at the top of your file, otherwise TestNG may fail or not work as expected.
[TestNGContentHandler] [WARN] It is strongly recommended to add "<!DOCTYPE suite SYSTEM "http://testng.org/testng-1.0.dtd" >" at the top of your file, otherwise TestNG may fail or not work as expected.
[DEBUG] Using SLF4J as the default logging framework
[DEBUG] -Dio.netty.leakDetection.level: simple
[DEBUG] -Dio.netty.leakDetection.targetRecords: 4
[DEBUG] Loaded default ResourceLeakDetector: io.netty.util.ResourceLeakDetector@14dd7b39
[DEBUG] -Dio.netty.noUnsafe: false
[DEBUG] Java version: 8
[DEBUG] sun.misc.Unsafe.theUnsafe: available
[DEBUG] sun.misc.Unsafe.copyMemory: available
[DEBUG] sun.misc.Unsafe.storeFence: available
[DEBUG] java.nio.Buffer.address: available
[DEBUG] direct buffer constructor: available
[DEBUG] java.nio.Bits.unaligned: available, true
[DEBUG] jdk.internal.misc.Unsafe.allocateUninitializedArray(int): unavailable prior to Java9
[DEBUG] java.nio.DirectByteBuffer.<init>(long, int): available
[DEBUG] sun.misc.Unsafe: available
[DEBUG] -Dio.netty.tmpdir: C:\Users\chowd\AppData\Local\Temp (java.io.tmpdir)
[DEBUG] -Dio.netty.bitMode: 64 (sun.arch.data.model)
[DEBUG] Platform: Windows
[DEBUG] -Dio.netty.maxDirectMemory: 2803892224 bytes
[DEBUG] -Dio.netty.uninitializedArrayAllocationThreshold: -1
[DEBUG] java.nio.ByteBuffer.cleaner(): available
[DEBUG] -Dio.netty.noPreferDirect: false
[DEBUG] org.jctools-core.MpscChunkedArrayQueue: available
[DEBUG] -Dio.netty.threadLocalMap.stringBuilder.initialSize: 1024
[DEBUG] -Dio.netty.threadLocalMap.stringBuilder.maxSize: 4096
[DEBUG] Default protocols (JDK): [TLSv1.2] 
[DEBUG] Default cipher suites (JDK): [TLS_ECDHE_ECDSA_WITH_AES_256_GCM_SHA384, TLS_ECDHE_ECDSA_WITH_AES_128_GCM_SHA256, TLS_ECDHE_RSA_WITH_AES_128_GCM_SHA256, TLS_ECDHE_RSA_WITH_AES_256_GCM_SHA384, TLS_ECDHE_RSA_WITH_AES_128_CBC_SHA, TLS_ECDHE_RSA_WITH_AES_256_CBC_SHA, TLS_RSA_WITH_AES_128_GCM_SHA256, TLS_RSA_WITH_AES_128_CBC_SHA, TLS_RSA_WITH_AES_256_CBC_SHA, TLS_AES_128_GCM_SHA256, TLS_AES_256_GCM_SHA384]
[DEBUG] -Dio.netty.eventLoopThreads: 16
[DEBUG] -Dio.netty.noKeySetOptimization: false
[DEBUG] -Dio.netty.selectorAutoRebuildThreshold: 512
[DEBUG] -Dio.netty.allocator.numHeapArenas: 16
[DEBUG] -Dio.netty.allocator.numDirectArenas: 16
[DEBUG] -Dio.netty.allocator.pageSize: 8192
[DEBUG] -Dio.netty.allocator.maxOrder: 9
[DEBUG] -Dio.netty.allocator.chunkSize: 4194304
[DEBUG] -Dio.netty.allocator.smallCacheSize: 256
[DEBUG] -Dio.netty.allocator.normalCacheSize: 64
[DEBUG] -Dio.netty.allocator.maxCachedBufferCapacity: 32768
[DEBUG] -Dio.netty.allocator.cacheTrimInterval: 8192
[DEBUG] -Dio.netty.allocator.cacheTrimIntervalMillis: 0
[DEBUG] -Dio.netty.allocator.useCacheForAllThreads: false
[DEBUG] -Dio.netty.allocator.maxCachedByteBuffersPerChunk: 1023
[DEBUG] -Dio.netty.allocator.type: pooled
[DEBUG] -Dio.netty.threadLocalDirectBufferSize: 0
[DEBUG] -Dio.netty.maxThreadLocalCharBufferSize: 16384
[DEBUG] -Dio.netty.processId: 17896 (auto-detected)
[DEBUG] -Djava.net.preferIPv4Stack: false
[DEBUG] -Djava.net.preferIPv6Addresses: false
[DEBUG] Loopback interface: lo (Software Loopback Interface 1, 127.0.0.1)
[DEBUG] Failed to get SOMAXCONN from sysctl and file \proc\sys\net\core\somaxconn. Default: 200
[DEBUG] -Dio.netty.machineId: 34:6f:24:ff:fe:1f:1c:1f (auto-detected)
[DEBUG] -Dio.netty.buffer.checkAccessible: true
[DEBUG] -Dio.netty.buffer.checkBounds: true
[DEBUG] Loaded default ResourceLeakDetector: io.netty.util.ResourceLeakDetector@52abb707
[DEBUG] Using new Channel '[id: 0xdb54d1df, L:/127.0.0.1:64474 - R:localhost/127.0.0.1:37337]' for 'POST' to '/session'
[DEBUG] -Dio.netty.recycler.maxCapacityPerThread: 4096
[DEBUG] -Dio.netty.recycler.ratio: 8
[DEBUG] -Dio.netty.recycler.chunkSize: 32
[DEBUG] -Dio.netty.recycler.blocking: false
[DEBUG] brotli4j not in the classpath; Brotli support will be unavailable.
[DEBUG] 

Request DefaultHttpRequest(decodeResult: success, version: HTTP/1.1)
POST /session HTTP/1.1
User-Agent: selenium/4.8.1 (java windows)
Content-Length: 551
Content-Type: application/json; charset=utf-8
host: localhost:37337
accept: */*

Response DefaultHttpResponse(decodeResult: success, version: HTTP/1.1)
HTTP/1.1 200 OK
Content-Length: 859
Content-Type: application/json; charset=utf-8
cache-control: no-cache

[DEBUG] Adding key: http://localhost:37337 for channel [id: 0xdb54d1df, L:/127.0.0.1:64474 - R:localhost/127.0.0.1:37337]
[DEBUG] Using new Channel '[id: 0x3b692328, L:/127.0.0.1:64480 - R:localhost/127.0.0.1:64475]' for 'GET' to '/json/version'
[DEBUG] 

Request DefaultFullHttpRequest(decodeResult: success, version: HTTP/1.1, content: EmptyByteBufBE)
GET /json/version HTTP/1.1
User-Agent: selenium/4.8.1 (java windows)
host: localhost:64475
accept: */*

Response DefaultHttpResponse(decodeResult: success, version: HTTP/1.1)
HTTP/1.1 200 OK
Content-Security-Policy: frame-ancestors 'none'
Content-Length: 423
Content-Type: application/json; charset=UTF-8

[DEBUG] Adding key: http://localhost:64475 for channel [id: 0x3b692328, L:/127.0.0.1:64480 - R:localhost/127.0.0.1:64475]
[DEBUG] -Dio.netty.initialSeedUniquifier: 0x64ebba0f99ee2864
[DEBUG] Using new Channel '[id: 0x83c7c0c5, L:/127.0.0.1:64481 - R:localhost/127.0.0.1:64475]' for 'GET' to '/devtools/browser/d59dff01-32df-42c2-81c7-fe168585c284'
[DEBUG] 

Request DefaultFullHttpRequest(decodeResult: success, version: HTTP/1.1, content: EmptyByteBufBE)
GET /devtools/browser/d59dff01-32df-42c2-81c7-fe168585c284 HTTP/1.1
upgrade: websocket
connection: upgrade
sec-websocket-key: 2iZN03FVEd4bnYVioqFLTw==
sec-websocket-version: 13
origin: http://localhost:64475
host: localhost:64475
accept: */*
user-agent: AHC/2.1

Response DefaultHttpResponse(decodeResult: success, version: HTTP/1.1)
HTTP/1.1 101 WebSocket Protocol Handshake
Upgrade: WebSocket
Connection: Upgrade
Sec-WebSocket-Accept: fToFm1HMQNieCigx8DbrmzQRHBA=

[DEBUG] Using pooled Channel '[id: 0xdb54d1df, L:/127.0.0.1:64474 - R:localhost/127.0.0.1:37337]' for 'POST' to 'http://localhost:37337/session/ef409424851856152e3fe438450bd180/url'
[DEBUG] Using open Channel [id: 0xdb54d1df, L:/127.0.0.1:64474 - R:localhost/127.0.0.1:37337] for POST '/session/ef409424851856152e3fe438450bd180/url'
[DEBUG] Entry count for : http://localhost:64475 : 1
[DEBUG] 

Request DefaultHttpRequest(decodeResult: success, version: HTTP/1.1)
POST /session/ef409424851856152e3fe438450bd180/url HTTP/1.1
User-Agent: selenium/4.8.1 (java windows)
Content-Length: 45
Content-Type: application/json; charset=utf-8
host: localhost:37337
accept: */*

Response DefaultHttpResponse(decodeResult: success, version: HTTP/1.1)
HTTP/1.1 200 OK
Content-Length: 14
Content-Type: application/json; charset=utf-8
cache-control: no-cache

[DEBUG] Adding key: http://localhost:37337 for channel [id: 0xdb54d1df, L:/127.0.0.1:64474 - R:localhost/127.0.0.1:37337]
[DEBUG] Using pooled Channel '[id: 0xdb54d1df, L:/127.0.0.1:64474 - R:localhost/127.0.0.1:37337]' for 'POST' to 'http://localhost:37337/session/ef409424851856152e3fe438450bd180/timeouts'
[DEBUG] Using open Channel [id: 0xdb54d1df, L:/127.0.0.1:64474 - R:localhost/127.0.0.1:37337] for POST '/session/ef409424851856152e3fe438450bd180/timeouts'
[DEBUG] 

Request DefaultHttpRequest(decodeResult: success, version: HTTP/1.1)
POST /session/ef409424851856152e3fe438450bd180/timeouts HTTP/1.1
User-Agent: selenium/4.8.1 (java windows)
Content-Length: 23
Content-Type: application/json; charset=utf-8
host: localhost:37337
accept: */*

Response DefaultHttpResponse(decodeResult: success, version: HTTP/1.1)
HTTP/1.1 200 OK
Content-Length: 14
Content-Type: application/json; charset=utf-8
cache-control: no-cache

[DEBUG] Adding key: http://localhost:37337 for channel [id: 0xdb54d1df, L:/127.0.0.1:64474 - R:localhost/127.0.0.1:37337]
[DEBUG] Using pooled Channel '[id: 0xdb54d1df, L:/127.0.0.1:64474 - R:localhost/127.0.0.1:37337]' for 'POST' to 'http://localhost:37337/session/ef409424851856152e3fe438450bd180/element'
[DEBUG] Using open Channel [id: 0xdb54d1df, L:/127.0.0.1:64474 - R:localhost/127.0.0.1:37337] for POST '/session/ef409424851856152e3fe438450bd180/element'
[DEBUG] 

Request DefaultHttpRequest(decodeResult: success, version: HTTP/1.1)
POST /session/ef409424851856152e3fe438450bd180/element HTTP/1.1
User-Agent: selenium/4.8.1 (java windows)
Content-Length: 59
Content-Type: application/json; charset=utf-8
host: localhost:37337
accept: */*

Response DefaultHttpResponse(decodeResult: success, version: HTTP/1.1)
HTTP/1.1 200 OK
Content-Length: 88
Content-Type: application/json; charset=utf-8
cache-control: no-cache

[DEBUG] Adding key: http://localhost:37337 for channel [id: 0xdb54d1df, L:/127.0.0.1:64474 - R:localhost/127.0.0.1:37337]
[DEBUG] Using pooled Channel '[id: 0xdb54d1df, L:/127.0.0.1:64474 - R:localhost/127.0.0.1:37337]' for 'POST' to 'http://localhost:37337/session/ef409424851856152e3fe438450bd180/element/fc35b052-47ab-4cb9-b48f-2fa2960e805b/click'
[DEBUG] Using open Channel [id: 0xdb54d1df, L:/127.0.0.1:64474 - R:localhost/127.0.0.1:37337] for POST '/session/ef409424851856152e3fe438450bd180/element/fc35b052-47ab-4cb9-b48f-2fa2960e805b/click'
[DEBUG] 

Request DefaultHttpRequest(decodeResult: success, version: HTTP/1.1)
POST /session/ef409424851856152e3fe438450bd180/element/fc35b052-47ab-4cb9-b48f-2fa2960e805b/click HTTP/1.1
User-Agent: selenium/4.8.1 (java windows)
Content-Length: 50
Content-Type: application/json; charset=utf-8
host: localhost:37337
accept: */*

Response DefaultHttpResponse(decodeResult: success, version: HTTP/1.1)
HTTP/1.1 200 OK
Content-Length: 14
Content-Type: application/json; charset=utf-8
cache-control: no-cache

[DEBUG] Adding key: http://localhost:37337 for channel [id: 0xdb54d1df, L:/127.0.0.1:64474 - R:localhost/127.0.0.1:37337]
[DEBUG] Entry count for : http://localhost:64475 : 1
[DEBUG] Entry count for : http://localhost:37337 : 1
[DEBUG] Entry count for : http://localhost:64475 : 1
[DEBUG] Entry count for : http://localhost:37337 : 1
]]></system-out>
    <system-err><![CDATA[Starting ChromeDriver 111.0.5563.64 (c710e93d5b63b7095afe8c2c17df34408078439d-refs/branch-heads/5563@{#995}) on port 37337
Only local connections are allowed.
Please see https://chromedriver.chromium.org/security-considerations for suggestions on keeping ChromeDriver safe.
ChromeDriver was started successfully.
Mar 21, 2023 10:29:59 PM org.openqa.selenium.devtools.CdpVersionFinder findNearestMatch
WARNING: Unable to find an exact match for CDP version 111, so returning the closest version found: 110
]]></system-err>
  </testcase>
  <testcase name="userInformation[Raven, Man, chowdhurygs@rediffmail.com, chowdhurygs@rediffmail.com, Shajlee1234](1)" classname="UsingLoops.FaceBook_CreateAnAccount_DropDown_UsingLoops" time="0.472">
    <system-out><![CDATA[[DEBUG] Using pooled Channel '[id: 0xdb54d1df, L:/127.0.0.1:64474 - R:localhost/127.0.0.1:37337]' for 'POST' to 'http://localhost:37337/session/ef409424851856152e3fe438450bd180/element'
[DEBUG] Using open Channel [id: 0xdb54d1df, L:/127.0.0.1:64474 - R:localhost/127.0.0.1:37337] for POST '/session/ef409424851856152e3fe438450bd180/element'
[DEBUG] 

Request DefaultHttpRequest(decodeResult: success, version: HTTP/1.1)
POST /session/ef409424851856152e3fe438450bd180/element HTTP/1.1
User-Agent: selenium/4.8.1 (java windows)
Content-Length: 63
Content-Type: application/json; charset=utf-8
host: localhost:37337
accept: */*

Response DefaultHttpResponse(decodeResult: success, version: HTTP/1.1)
HTTP/1.1 200 OK
Content-Length: 88
Content-Type: application/json; charset=utf-8
cache-control: no-cache

[DEBUG] Adding key: http://localhost:37337 for channel [id: 0xdb54d1df, L:/127.0.0.1:64474 - R:localhost/127.0.0.1:37337]
[DEBUG] Using pooled Channel '[id: 0xdb54d1df, L:/127.0.0.1:64474 - R:localhost/127.0.0.1:37337]' for 'POST' to 'http://localhost:37337/session/ef409424851856152e3fe438450bd180/element/fa1bc64b-bb9c-4982-b2f9-6aa36dc3e07d/value'
[DEBUG] Using open Channel [id: 0xdb54d1df, L:/127.0.0.1:64474 - R:localhost/127.0.0.1:37337] for POST '/session/ef409424851856152e3fe438450bd180/element/fa1bc64b-bb9c-4982-b2f9-6aa36dc3e07d/value'
[DEBUG] 

Request DefaultHttpRequest(decodeResult: success, version: HTTP/1.1)
POST /session/ef409424851856152e3fe438450bd180/element/fa1bc64b-bb9c-4982-b2f9-6aa36dc3e07d/value HTTP/1.1
User-Agent: selenium/4.8.1 (java windows)
Content-Length: 131
Content-Type: application/json; charset=utf-8
host: localhost:37337
accept: */*

Response DefaultHttpResponse(decodeResult: success, version: HTTP/1.1)
HTTP/1.1 200 OK
Content-Length: 14
Content-Type: application/json; charset=utf-8
cache-control: no-cache

[DEBUG] Adding key: http://localhost:37337 for channel [id: 0xdb54d1df, L:/127.0.0.1:64474 - R:localhost/127.0.0.1:37337]
[DEBUG] Using pooled Channel '[id: 0xdb54d1df, L:/127.0.0.1:64474 - R:localhost/127.0.0.1:37337]' for 'POST' to 'http://localhost:37337/session/ef409424851856152e3fe438450bd180/element'
[DEBUG] Using open Channel [id: 0xdb54d1df, L:/127.0.0.1:64474 - R:localhost/127.0.0.1:37337] for POST '/session/ef409424851856152e3fe438450bd180/element'
[DEBUG] 

Request DefaultHttpRequest(decodeResult: success, version: HTTP/1.1)
POST /session/ef409424851856152e3fe438450bd180/element HTTP/1.1
User-Agent: selenium/4.8.1 (java windows)
Content-Length: 62
Content-Type: application/json; charset=utf-8
host: localhost:37337
accept: */*

Response DefaultHttpResponse(decodeResult: success, version: HTTP/1.1)
HTTP/1.1 200 OK
Content-Length: 88
Content-Type: application/json; charset=utf-8
cache-control: no-cache

[DEBUG] Adding key: http://localhost:37337 for channel [id: 0xdb54d1df, L:/127.0.0.1:64474 - R:localhost/127.0.0.1:37337]
[DEBUG] Using pooled Channel '[id: 0xdb54d1df, L:/127.0.0.1:64474 - R:localhost/127.0.0.1:37337]' for 'POST' to 'http://localhost:37337/session/ef409424851856152e3fe438450bd180/element/2caf5d15-da34-4278-9f1b-afc58b72e84b/value'
[DEBUG] Using open Channel [id: 0xdb54d1df, L:/127.0.0.1:64474 - R:localhost/127.0.0.1:37337] for POST '/session/ef409424851856152e3fe438450bd180/element/2caf5d15-da34-4278-9f1b-afc58b72e84b/value'
[DEBUG] 

Request DefaultHttpRequest(decodeResult: success, version: HTTP/1.1)
POST /session/ef409424851856152e3fe438450bd180/element/2caf5d15-da34-4278-9f1b-afc58b72e84b/value HTTP/1.1
User-Agent: selenium/4.8.1 (java windows)
Content-Length: 111
Content-Type: application/json; charset=utf-8
host: localhost:37337
accept: */*

Response DefaultHttpResponse(decodeResult: success, version: HTTP/1.1)
HTTP/1.1 200 OK
Content-Length: 14
Content-Type: application/json; charset=utf-8
cache-control: no-cache

[DEBUG] Adding key: http://localhost:37337 for channel [id: 0xdb54d1df, L:/127.0.0.1:64474 - R:localhost/127.0.0.1:37337]
[DEBUG] Using pooled Channel '[id: 0xdb54d1df, L:/127.0.0.1:64474 - R:localhost/127.0.0.1:37337]' for 'POST' to 'http://localhost:37337/session/ef409424851856152e3fe438450bd180/element'
[DEBUG] Using open Channel [id: 0xdb54d1df, L:/127.0.0.1:64474 - R:localhost/127.0.0.1:37337] for POST '/session/ef409424851856152e3fe438450bd180/element'
[DEBUG] 

Request DefaultHttpRequest(decodeResult: success, version: HTTP/1.1)
POST /session/ef409424851856152e3fe438450bd180/element HTTP/1.1
User-Agent: selenium/4.8.1 (java windows)
Content-Length: 65
Content-Type: application/json; charset=utf-8
host: localhost:37337
accept: */*

Response DefaultHttpResponse(decodeResult: success, version: HTTP/1.1)
HTTP/1.1 200 OK
Content-Length: 88
Content-Type: application/json; charset=utf-8
cache-control: no-cache

[DEBUG] Adding key: http://localhost:37337 for channel [id: 0xdb54d1df, L:/127.0.0.1:64474 - R:localhost/127.0.0.1:37337]
[DEBUG] Using pooled Channel '[id: 0xdb54d1df, L:/127.0.0.1:64474 - R:localhost/127.0.0.1:37337]' for 'POST' to 'http://localhost:37337/session/ef409424851856152e3fe438450bd180/element/7d255f7b-996b-4553-b225-738ab5bf96d0/value'
[DEBUG] Using open Channel [id: 0xdb54d1df, L:/127.0.0.1:64474 - R:localhost/127.0.0.1:37337] for POST '/session/ef409424851856152e3fe438450bd180/element/7d255f7b-996b-4553-b225-738ab5bf96d0/value'
[DEBUG] 

Request DefaultHttpRequest(decodeResult: success, version: HTTP/1.1)
POST /session/ef409424851856152e3fe438450bd180/element/7d255f7b-996b-4553-b225-738ab5bf96d0/value HTTP/1.1
User-Agent: selenium/4.8.1 (java windows)
Content-Length: 341
Content-Type: application/json; charset=utf-8
host: localhost:37337
accept: */*

Response DefaultHttpResponse(decodeResult: success, version: HTTP/1.1)
HTTP/1.1 200 OK
Content-Length: 14
Content-Type: application/json; charset=utf-8
cache-control: no-cache

[DEBUG] Adding key: http://localhost:37337 for channel [id: 0xdb54d1df, L:/127.0.0.1:64474 - R:localhost/127.0.0.1:37337]
[DEBUG] Using pooled Channel '[id: 0xdb54d1df, L:/127.0.0.1:64474 - R:localhost/127.0.0.1:37337]' for 'POST' to 'http://localhost:37337/session/ef409424851856152e3fe438450bd180/element'
[DEBUG] Using open Channel [id: 0xdb54d1df, L:/127.0.0.1:64474 - R:localhost/127.0.0.1:37337] for POST '/session/ef409424851856152e3fe438450bd180/element'
[DEBUG] 

Request DefaultHttpRequest(decodeResult: success, version: HTTP/1.1)
POST /session/ef409424851856152e3fe438450bd180/element HTTP/1.1
User-Agent: selenium/4.8.1 (java windows)
Content-Length: 78
Content-Type: application/json; charset=utf-8
host: localhost:37337
accept: */*

Response DefaultHttpResponse(decodeResult: success, version: HTTP/1.1)
HTTP/1.1 200 OK
Content-Length: 88
Content-Type: application/json; charset=utf-8
cache-control: no-cache

[DEBUG] Adding key: http://localhost:37337 for channel [id: 0xdb54d1df, L:/127.0.0.1:64474 - R:localhost/127.0.0.1:37337]
[DEBUG] Using pooled Channel '[id: 0xdb54d1df, L:/127.0.0.1:64474 - R:localhost/127.0.0.1:37337]' for 'POST' to 'http://localhost:37337/session/ef409424851856152e3fe438450bd180/element/29f8d601-88b1-423f-b381-8bead451dcee/value'
[DEBUG] Using open Channel [id: 0xdb54d1df, L:/127.0.0.1:64474 - R:localhost/127.0.0.1:37337] for POST '/session/ef409424851856152e3fe438450bd180/element/29f8d601-88b1-423f-b381-8bead451dcee/value'
[DEBUG] 

Request DefaultHttpRequest(decodeResult: success, version: HTTP/1.1)
POST /session/ef409424851856152e3fe438450bd180/element/29f8d601-88b1-423f-b381-8bead451dcee/value HTTP/1.1
User-Agent: selenium/4.8.1 (java windows)
Content-Length: 341
Content-Type: application/json; charset=utf-8
host: localhost:37337
accept: */*

Response DefaultHttpResponse(decodeResult: success, version: HTTP/1.1)
HTTP/1.1 200 OK
Content-Length: 14
Content-Type: application/json; charset=utf-8
cache-control: no-cache

[DEBUG] Adding key: http://localhost:37337 for channel [id: 0xdb54d1df, L:/127.0.0.1:64474 - R:localhost/127.0.0.1:37337]
[DEBUG] Using pooled Channel '[id: 0xdb54d1df, L:/127.0.0.1:64474 - R:localhost/127.0.0.1:37337]' for 'POST' to 'http://localhost:37337/session/ef409424851856152e3fe438450bd180/element'
[DEBUG] Using open Channel [id: 0xdb54d1df, L:/127.0.0.1:64474 - R:localhost/127.0.0.1:37337] for POST '/session/ef409424851856152e3fe438450bd180/element'
[DEBUG] 

Request DefaultHttpRequest(decodeResult: success, version: HTTP/1.1)
POST /session/ef409424851856152e3fe438450bd180/element HTTP/1.1
User-Agent: selenium/4.8.1 (java windows)
Content-Length: 66
Content-Type: application/json; charset=utf-8
host: localhost:37337
accept: */*

Response DefaultHttpResponse(decodeResult: success, version: HTTP/1.1)
HTTP/1.1 200 OK
Content-Length: 88
Content-Type: application/json; charset=utf-8
cache-control: no-cache

[DEBUG] Adding key: http://localhost:37337 for channel [id: 0xdb54d1df, L:/127.0.0.1:64474 - R:localhost/127.0.0.1:37337]
[DEBUG] Using pooled Channel '[id: 0xdb54d1df, L:/127.0.0.1:64474 - R:localhost/127.0.0.1:37337]' for 'POST' to 'http://localhost:37337/session/ef409424851856152e3fe438450bd180/element/c1c9e822-87fd-4c2c-84db-cef2c91aea3b/value'
[DEBUG] Using open Channel [id: 0xdb54d1df, L:/127.0.0.1:64474 - R:localhost/127.0.0.1:37337] for POST '/session/ef409424851856152e3fe438450bd180/element/c1c9e822-87fd-4c2c-84db-cef2c91aea3b/value'
[DEBUG] 

Request DefaultHttpRequest(decodeResult: success, version: HTTP/1.1)
POST /session/ef409424851856152e3fe438450bd180/element/c1c9e822-87fd-4c2c-84db-cef2c91aea3b/value HTTP/1.1
User-Agent: selenium/4.8.1 (java windows)
Content-Length: 191
Content-Type: application/json; charset=utf-8
host: localhost:37337
accept: */*

Response DefaultHttpResponse(decodeResult: success, version: HTTP/1.1)
HTTP/1.1 200 OK
Content-Length: 14
Content-Type: application/json; charset=utf-8
cache-control: no-cache

[DEBUG] Adding key: http://localhost:37337 for channel [id: 0xdb54d1df, L:/127.0.0.1:64474 - R:localhost/127.0.0.1:37337]
]]></system-out>
  </testcase>
  <testcase name="userBirthdayDropdown" classname="UsingLoops.FaceBook_CreateAnAccount_DropDown_UsingLoops" time="1.239">
    <system-out><![CDATA[[DEBUG] Using pooled Channel '[id: 0xdb54d1df, L:/127.0.0.1:64474 - R:localhost/127.0.0.1:37337]' for 'POST' to 'http://localhost:37337/session/ef409424851856152e3fe438450bd180/element'
[DEBUG] Using open Channel [id: 0xdb54d1df, L:/127.0.0.1:64474 - R:localhost/127.0.0.1:37337] for POST '/session/ef409424851856152e3fe438450bd180/element'
[DEBUG] 

Request DefaultHttpRequest(decodeResult: success, version: HTTP/1.1)
POST /session/ef409424851856152e3fe438450bd180/element HTTP/1.1
User-Agent: selenium/4.8.1 (java windows)
Content-Length: 50
Content-Type: application/json; charset=utf-8
host: localhost:37337
accept: */*

Response DefaultHttpResponse(decodeResult: success, version: HTTP/1.1)
HTTP/1.1 200 OK
Content-Length: 88
Content-Type: application/json; charset=utf-8
cache-control: no-cache

[DEBUG] Adding key: http://localhost:37337 for channel [id: 0xdb54d1df, L:/127.0.0.1:64474 - R:localhost/127.0.0.1:37337]
[DEBUG] Using pooled Channel '[id: 0xdb54d1df, L:/127.0.0.1:64474 - R:localhost/127.0.0.1:37337]' for 'GET' to 'http://localhost:37337/session/ef409424851856152e3fe438450bd180/element/a80b9373-4c76-45ca-ab7b-25cda60d737e/name'
[DEBUG] Using open Channel [id: 0xdb54d1df, L:/127.0.0.1:64474 - R:localhost/127.0.0.1:37337] for GET '/session/ef409424851856152e3fe438450bd180/element/a80b9373-4c76-45ca-ab7b-25cda60d737e/name'
[DEBUG] 

Request DefaultFullHttpRequest(decodeResult: success, version: HTTP/1.1, content: EmptyByteBufBE)
GET /session/ef409424851856152e3fe438450bd180/element/a80b9373-4c76-45ca-ab7b-25cda60d737e/name HTTP/1.1
User-Agent: selenium/4.8.1 (java windows)
Cache-Control: no-cache
Content-Type: application/json; charset=utf-8
host: localhost:37337
accept: */*

Response DefaultHttpResponse(decodeResult: success, version: HTTP/1.1)
HTTP/1.1 200 OK
Content-Length: 18
Content-Type: application/json; charset=utf-8
cache-control: no-cache

[DEBUG] Adding key: http://localhost:37337 for channel [id: 0xdb54d1df, L:/127.0.0.1:64474 - R:localhost/127.0.0.1:37337]
[DEBUG] Using pooled Channel '[id: 0xdb54d1df, L:/127.0.0.1:64474 - R:localhost/127.0.0.1:37337]' for 'GET' to 'http://localhost:37337/session/ef409424851856152e3fe438450bd180/element/a80b9373-4c76-45ca-ab7b-25cda60d737e/attribute/multiple'
[DEBUG] Using open Channel [id: 0xdb54d1df, L:/127.0.0.1:64474 - R:localhost/127.0.0.1:37337] for GET '/session/ef409424851856152e3fe438450bd180/element/a80b9373-4c76-45ca-ab7b-25cda60d737e/attribute/multiple'
[DEBUG] 

Request DefaultFullHttpRequest(decodeResult: success, version: HTTP/1.1, content: EmptyByteBufBE)
GET /session/ef409424851856152e3fe438450bd180/element/a80b9373-4c76-45ca-ab7b-25cda60d737e/attribute/multiple HTTP/1.1
User-Agent: selenium/4.8.1 (java windows)
Cache-Control: no-cache
Content-Type: application/json; charset=utf-8
host: localhost:37337
accept: */*

Response DefaultHttpResponse(decodeResult: success, version: HTTP/1.1)
HTTP/1.1 200 OK
Content-Length: 14
Content-Type: application/json; charset=utf-8
cache-control: no-cache

[DEBUG] Adding key: http://localhost:37337 for channel [id: 0xdb54d1df, L:/127.0.0.1:64474 - R:localhost/127.0.0.1:37337]
[DEBUG] Using pooled Channel '[id: 0xdb54d1df, L:/127.0.0.1:64474 - R:localhost/127.0.0.1:37337]' for 'POST' to 'http://localhost:37337/session/ef409424851856152e3fe438450bd180/element/a80b9373-4c76-45ca-ab7b-25cda60d737e/elements'
[DEBUG] Using open Channel [id: 0xdb54d1df, L:/127.0.0.1:64474 - R:localhost/127.0.0.1:37337] for POST '/session/ef409424851856152e3fe438450bd180/element/a80b9373-4c76-45ca-ab7b-25cda60d737e/elements'
[DEBUG] 

Request DefaultHttpRequest(decodeResult: success, version: HTTP/1.1)
POST /session/ef409424851856152e3fe438450bd180/element/a80b9373-4c76-45ca-ab7b-25cda60d737e/elements HTTP/1.1
User-Agent: selenium/4.8.1 (java windows)
Content-Length: 94
Content-Type: application/json; charset=utf-8
host: localhost:37337
accept: */*

Response DefaultHttpResponse(decodeResult: success, version: HTTP/1.1)
HTTP/1.1 200 OK
Content-Length: 959
Content-Type: application/json; charset=utf-8
cache-control: no-cache

[DEBUG] Adding key: http://localhost:37337 for channel [id: 0xdb54d1df, L:/127.0.0.1:64474 - R:localhost/127.0.0.1:37337]
[DEBUG] Using pooled Channel '[id: 0xdb54d1df, L:/127.0.0.1:64474 - R:localhost/127.0.0.1:37337]' for 'GET' to 'http://localhost:37337/session/ef409424851856152e3fe438450bd180/element/b6864536-96c6-47c3-af3c-c6da50ed50cc/text'
[DEBUG] Using open Channel [id: 0xdb54d1df, L:/127.0.0.1:64474 - R:localhost/127.0.0.1:37337] for GET '/session/ef409424851856152e3fe438450bd180/element/b6864536-96c6-47c3-af3c-c6da50ed50cc/text'
[DEBUG] 

Request DefaultFullHttpRequest(decodeResult: success, version: HTTP/1.1, content: EmptyByteBufBE)
GET /session/ef409424851856152e3fe438450bd180/element/b6864536-96c6-47c3-af3c-c6da50ed50cc/text HTTP/1.1
User-Agent: selenium/4.8.1 (java windows)
Cache-Control: no-cache
Content-Type: application/json; charset=utf-8
host: localhost:37337
accept: */*

Response DefaultHttpResponse(decodeResult: success, version: HTTP/1.1)
HTTP/1.1 200 OK
Content-Length: 15
Content-Type: application/json; charset=utf-8
cache-control: no-cache

[DEBUG] Adding key: http://localhost:37337 for channel [id: 0xdb54d1df, L:/127.0.0.1:64474 - R:localhost/127.0.0.1:37337]
[DEBUG] Using pooled Channel '[id: 0xdb54d1df, L:/127.0.0.1:64474 - R:localhost/127.0.0.1:37337]' for 'GET' to 'http://localhost:37337/session/ef409424851856152e3fe438450bd180/element/eadcc084-31e6-40b0-8879-9043cca7a94d/text'
[DEBUG] Using open Channel [id: 0xdb54d1df, L:/127.0.0.1:64474 - R:localhost/127.0.0.1:37337] for GET '/session/ef409424851856152e3fe438450bd180/element/eadcc084-31e6-40b0-8879-9043cca7a94d/text'
[DEBUG] 

Request DefaultFullHttpRequest(decodeResult: success, version: HTTP/1.1, content: EmptyByteBufBE)
GET /session/ef409424851856152e3fe438450bd180/element/eadcc084-31e6-40b0-8879-9043cca7a94d/text HTTP/1.1
User-Agent: selenium/4.8.1 (java windows)
Cache-Control: no-cache
Content-Type: application/json; charset=utf-8
host: localhost:37337
accept: */*

Response DefaultHttpResponse(decodeResult: success, version: HTTP/1.1)
HTTP/1.1 200 OK
Content-Length: 15
Content-Type: application/json; charset=utf-8
cache-control: no-cache

[DEBUG] Adding key: http://localhost:37337 for channel [id: 0xdb54d1df, L:/127.0.0.1:64474 - R:localhost/127.0.0.1:37337]
[DEBUG] Using pooled Channel '[id: 0xdb54d1df, L:/127.0.0.1:64474 - R:localhost/127.0.0.1:37337]' for 'GET' to 'http://localhost:37337/session/ef409424851856152e3fe438450bd180/element/1a2b0710-1846-41f8-b55b-d9a46ef8c3b8/text'
[DEBUG] Using open Channel [id: 0xdb54d1df, L:/127.0.0.1:64474 - R:localhost/127.0.0.1:37337] for GET '/session/ef409424851856152e3fe438450bd180/element/1a2b0710-1846-41f8-b55b-d9a46ef8c3b8/text'
[DEBUG] 

Request DefaultFullHttpRequest(decodeResult: success, version: HTTP/1.1, content: EmptyByteBufBE)
GET /session/ef409424851856152e3fe438450bd180/element/1a2b0710-1846-41f8-b55b-d9a46ef8c3b8/text HTTP/1.1
User-Agent: selenium/4.8.1 (java windows)
Cache-Control: no-cache
Content-Type: application/json; charset=utf-8
host: localhost:37337
accept: */*

Response DefaultHttpResponse(decodeResult: success, version: HTTP/1.1)
HTTP/1.1 200 OK
Content-Length: 15
Content-Type: application/json; charset=utf-8
cache-control: no-cache

[DEBUG] Adding key: http://localhost:37337 for channel [id: 0xdb54d1df, L:/127.0.0.1:64474 - R:localhost/127.0.0.1:37337]
[DEBUG] Using pooled Channel '[id: 0xdb54d1df, L:/127.0.0.1:64474 - R:localhost/127.0.0.1:37337]' for 'GET' to 'http://localhost:37337/session/ef409424851856152e3fe438450bd180/element/3d90de18-b76b-42b9-9de6-b9c992476322/text'
[DEBUG] Using open Channel [id: 0xdb54d1df, L:/127.0.0.1:64474 - R:localhost/127.0.0.1:37337] for GET '/session/ef409424851856152e3fe438450bd180/element/3d90de18-b76b-42b9-9de6-b9c992476322/text'
[DEBUG] 

Request DefaultFullHttpRequest(decodeResult: success, version: HTTP/1.1, content: EmptyByteBufBE)
GET /session/ef409424851856152e3fe438450bd180/element/3d90de18-b76b-42b9-9de6-b9c992476322/text HTTP/1.1
User-Agent: selenium/4.8.1 (java windows)
Cache-Control: no-cache
Content-Type: application/json; charset=utf-8
host: localhost:37337
accept: */*

Response DefaultHttpResponse(decodeResult: success, version: HTTP/1.1)
HTTP/1.1 200 OK
Content-Length: 15
Content-Type: application/json; charset=utf-8
cache-control: no-cache

[DEBUG] Adding key: http://localhost:37337 for channel [id: 0xdb54d1df, L:/127.0.0.1:64474 - R:localhost/127.0.0.1:37337]
[DEBUG] Using pooled Channel '[id: 0xdb54d1df, L:/127.0.0.1:64474 - R:localhost/127.0.0.1:37337]' for 'GET' to 'http://localhost:37337/session/ef409424851856152e3fe438450bd180/element/0b56175b-1f59-4604-a014-2d697d3f85e9/text'
[DEBUG] Using open Channel [id: 0xdb54d1df, L:/127.0.0.1:64474 - R:localhost/127.0.0.1:37337] for GET '/session/ef409424851856152e3fe438450bd180/element/0b56175b-1f59-4604-a014-2d697d3f85e9/text'
[DEBUG] 

Request DefaultFullHttpRequest(decodeResult: success, version: HTTP/1.1, content: EmptyByteBufBE)
GET /session/ef409424851856152e3fe438450bd180/element/0b56175b-1f59-4604-a014-2d697d3f85e9/text HTTP/1.1
User-Agent: selenium/4.8.1 (java windows)
Cache-Control: no-cache
Content-Type: application/json; charset=utf-8
host: localhost:37337
accept: */*

Response DefaultHttpResponse(decodeResult: success, version: HTTP/1.1)
HTTP/1.1 200 OK
Content-Length: 15
Content-Type: application/json; charset=utf-8
cache-control: no-cache

[DEBUG] Adding key: http://localhost:37337 for channel [id: 0xdb54d1df, L:/127.0.0.1:64474 - R:localhost/127.0.0.1:37337]
[DEBUG] Using pooled Channel '[id: 0xdb54d1df, L:/127.0.0.1:64474 - R:localhost/127.0.0.1:37337]' for 'GET' to 'http://localhost:37337/session/ef409424851856152e3fe438450bd180/element/77a4d7c7-04c8-45f3-87c0-3f510c42bc5c/text'
[DEBUG] Using open Channel [id: 0xdb54d1df, L:/127.0.0.1:64474 - R:localhost/127.0.0.1:37337] for GET '/session/ef409424851856152e3fe438450bd180/element/77a4d7c7-04c8-45f3-87c0-3f510c42bc5c/text'
[DEBUG] 

Request DefaultFullHttpRequest(decodeResult: success, version: HTTP/1.1, content: EmptyByteBufBE)
GET /session/ef409424851856152e3fe438450bd180/element/77a4d7c7-04c8-45f3-87c0-3f510c42bc5c/text HTTP/1.1
User-Agent: selenium/4.8.1 (java windows)
Cache-Control: no-cache
Content-Type: application/json; charset=utf-8
host: localhost:37337
accept: */*

Response DefaultHttpResponse(decodeResult: success, version: HTTP/1.1)
HTTP/1.1 200 OK
Content-Length: 15
Content-Type: application/json; charset=utf-8
cache-control: no-cache

[DEBUG] Adding key: http://localhost:37337 for channel [id: 0xdb54d1df, L:/127.0.0.1:64474 - R:localhost/127.0.0.1:37337]
[DEBUG] Using pooled Channel '[id: 0xdb54d1df, L:/127.0.0.1:64474 - R:localhost/127.0.0.1:37337]' for 'GET' to 'http://localhost:37337/session/ef409424851856152e3fe438450bd180/element/ca750abf-8d5d-4011-acd4-e02b72b6cad2/text'
[DEBUG] Using open Channel [id: 0xdb54d1df, L:/127.0.0.1:64474 - R:localhost/127.0.0.1:37337] for GET '/session/ef409424851856152e3fe438450bd180/element/ca750abf-8d5d-4011-acd4-e02b72b6cad2/text'
[DEBUG] 

Request DefaultFullHttpRequest(decodeResult: success, version: HTTP/1.1, content: EmptyByteBufBE)
GET /session/ef409424851856152e3fe438450bd180/element/ca750abf-8d5d-4011-acd4-e02b72b6cad2/text HTTP/1.1
User-Agent: selenium/4.8.1 (java windows)
Cache-Control: no-cache
Content-Type: application/json; charset=utf-8
host: localhost:37337
accept: */*

Response DefaultHttpResponse(decodeResult: success, version: HTTP/1.1)
HTTP/1.1 200 OK
Content-Length: 15
Content-Type: application/json; charset=utf-8
cache-control: no-cache

[DEBUG] Adding key: http://localhost:37337 for channel [id: 0xdb54d1df, L:/127.0.0.1:64474 - R:localhost/127.0.0.1:37337]
[DEBUG] Using pooled Channel '[id: 0xdb54d1df, L:/127.0.0.1:64474 - R:localhost/127.0.0.1:37337]' for 'GET' to 'http://localhost:37337/session/ef409424851856152e3fe438450bd180/element/b3a8a454-8be6-45f1-b6e8-837b63cfe5f3/text'
[DEBUG] Using open Channel [id: 0xdb54d1df, L:/127.0.0.1:64474 - R:localhost/127.0.0.1:37337] for GET '/session/ef409424851856152e3fe438450bd180/element/b3a8a454-8be6-45f1-b6e8-837b63cfe5f3/text'
[DEBUG] 

Request DefaultFullHttpRequest(decodeResult: success, version: HTTP/1.1, content: EmptyByteBufBE)
GET /session/ef409424851856152e3fe438450bd180/element/b3a8a454-8be6-45f1-b6e8-837b63cfe5f3/text HTTP/1.1
User-Agent: selenium/4.8.1 (java windows)
Cache-Control: no-cache
Content-Type: application/json; charset=utf-8
host: localhost:37337
accept: */*

Response DefaultHttpResponse(decodeResult: success, version: HTTP/1.1)
HTTP/1.1 200 OK
Content-Length: 15
Content-Type: application/json; charset=utf-8
cache-control: no-cache

[DEBUG] Adding key: http://localhost:37337 for channel [id: 0xdb54d1df, L:/127.0.0.1:64474 - R:localhost/127.0.0.1:37337]
[DEBUG] Using pooled Channel '[id: 0xdb54d1df, L:/127.0.0.1:64474 - R:localhost/127.0.0.1:37337]' for 'POST' to 'http://localhost:37337/session/ef409424851856152e3fe438450bd180/element/b3a8a454-8be6-45f1-b6e8-837b63cfe5f3/click'
[DEBUG] Using open Channel [id: 0xdb54d1df, L:/127.0.0.1:64474 - R:localhost/127.0.0.1:37337] for POST '/session/ef409424851856152e3fe438450bd180/element/b3a8a454-8be6-45f1-b6e8-837b63cfe5f3/click'
[DEBUG] 

Request DefaultHttpRequest(decodeResult: success, version: HTTP/1.1)
POST /session/ef409424851856152e3fe438450bd180/element/b3a8a454-8be6-45f1-b6e8-837b63cfe5f3/click HTTP/1.1
User-Agent: selenium/4.8.1 (java windows)
Content-Length: 50
Content-Type: application/json; charset=utf-8
host: localhost:37337
accept: */*

Response DefaultHttpResponse(decodeResult: success, version: HTTP/1.1)
HTTP/1.1 200 OK
Content-Length: 14
Content-Type: application/json; charset=utf-8
cache-control: no-cache

[DEBUG] Adding key: http://localhost:37337 for channel [id: 0xdb54d1df, L:/127.0.0.1:64474 - R:localhost/127.0.0.1:37337]
[DEBUG] Using pooled Channel '[id: 0xdb54d1df, L:/127.0.0.1:64474 - R:localhost/127.0.0.1:37337]' for 'POST' to 'http://localhost:37337/session/ef409424851856152e3fe438450bd180/element'
[DEBUG] Using open Channel [id: 0xdb54d1df, L:/127.0.0.1:64474 - R:localhost/127.0.0.1:37337] for POST '/session/ef409424851856152e3fe438450bd180/element'
[DEBUG] 

Request DefaultHttpRequest(decodeResult: success, version: HTTP/1.1)
POST /session/ef409424851856152e3fe438450bd180/element HTTP/1.1
User-Agent: selenium/4.8.1 (java windows)
Content-Length: 48
Content-Type: application/json; charset=utf-8
host: localhost:37337
accept: */*

Response DefaultHttpResponse(decodeResult: success, version: HTTP/1.1)
HTTP/1.1 200 OK
Content-Length: 88
Content-Type: application/json; charset=utf-8
cache-control: no-cache

[DEBUG] Adding key: http://localhost:37337 for channel [id: 0xdb54d1df, L:/127.0.0.1:64474 - R:localhost/127.0.0.1:37337]
[DEBUG] Using pooled Channel '[id: 0xdb54d1df, L:/127.0.0.1:64474 - R:localhost/127.0.0.1:37337]' for 'GET' to 'http://localhost:37337/session/ef409424851856152e3fe438450bd180/element/16d274e0-5774-474b-b674-ebbedddb5e8a/name'
[DEBUG] Using open Channel [id: 0xdb54d1df, L:/127.0.0.1:64474 - R:localhost/127.0.0.1:37337] for GET '/session/ef409424851856152e3fe438450bd180/element/16d274e0-5774-474b-b674-ebbedddb5e8a/name'
[DEBUG] 

Request DefaultFullHttpRequest(decodeResult: success, version: HTTP/1.1, content: EmptyByteBufBE)
GET /session/ef409424851856152e3fe438450bd180/element/16d274e0-5774-474b-b674-ebbedddb5e8a/name HTTP/1.1
User-Agent: selenium/4.8.1 (java windows)
Cache-Control: no-cache
Content-Type: application/json; charset=utf-8
host: localhost:37337
accept: */*

Response DefaultHttpResponse(decodeResult: success, version: HTTP/1.1)
HTTP/1.1 200 OK
Content-Length: 18
Content-Type: application/json; charset=utf-8
cache-control: no-cache

[DEBUG] Adding key: http://localhost:37337 for channel [id: 0xdb54d1df, L:/127.0.0.1:64474 - R:localhost/127.0.0.1:37337]
[DEBUG] Using pooled Channel '[id: 0xdb54d1df, L:/127.0.0.1:64474 - R:localhost/127.0.0.1:37337]' for 'GET' to 'http://localhost:37337/session/ef409424851856152e3fe438450bd180/element/16d274e0-5774-474b-b674-ebbedddb5e8a/attribute/multiple'
[DEBUG] Using open Channel [id: 0xdb54d1df, L:/127.0.0.1:64474 - R:localhost/127.0.0.1:37337] for GET '/session/ef409424851856152e3fe438450bd180/element/16d274e0-5774-474b-b674-ebbedddb5e8a/attribute/multiple'
[DEBUG] 

Request DefaultFullHttpRequest(decodeResult: success, version: HTTP/1.1, content: EmptyByteBufBE)
GET /session/ef409424851856152e3fe438450bd180/element/16d274e0-5774-474b-b674-ebbedddb5e8a/attribute/multiple HTTP/1.1
User-Agent: selenium/4.8.1 (java windows)
Cache-Control: no-cache
Content-Type: application/json; charset=utf-8
host: localhost:37337
accept: */*

Response DefaultHttpResponse(decodeResult: success, version: HTTP/1.1)
HTTP/1.1 200 OK
Content-Length: 14
Content-Type: application/json; charset=utf-8
cache-control: no-cache

[DEBUG] Adding key: http://localhost:37337 for channel [id: 0xdb54d1df, L:/127.0.0.1:64474 - R:localhost/127.0.0.1:37337]
[DEBUG] Using pooled Channel '[id: 0xdb54d1df, L:/127.0.0.1:64474 - R:localhost/127.0.0.1:37337]' for 'POST' to 'http://localhost:37337/session/ef409424851856152e3fe438450bd180/element/16d274e0-5774-474b-b674-ebbedddb5e8a/elements'
[DEBUG] Using open Channel [id: 0xdb54d1df, L:/127.0.0.1:64474 - R:localhost/127.0.0.1:37337] for POST '/session/ef409424851856152e3fe438450bd180/element/16d274e0-5774-474b-b674-ebbedddb5e8a/elements'
[DEBUG] 

Request DefaultHttpRequest(decodeResult: success, version: HTTP/1.1)
POST /session/ef409424851856152e3fe438450bd180/element/16d274e0-5774-474b-b674-ebbedddb5e8a/elements HTTP/1.1
User-Agent: selenium/4.8.1 (java windows)
Content-Length: 94
Content-Type: application/json; charset=utf-8
host: localhost:37337
accept: */*

Response DefaultHttpResponse(decodeResult: success, version: HTTP/1.1)
HTTP/1.1 200 OK
Content-Length: 2460
Content-Type: application/json; charset=utf-8
cache-control: no-cache

[DEBUG] Adding key: http://localhost:37337 for channel [id: 0xdb54d1df, L:/127.0.0.1:64474 - R:localhost/127.0.0.1:37337]
[DEBUG] Using pooled Channel '[id: 0xdb54d1df, L:/127.0.0.1:64474 - R:localhost/127.0.0.1:37337]' for 'GET' to 'http://localhost:37337/session/ef409424851856152e3fe438450bd180/element/5076d1e6-ff23-4adb-9f72-902f98a7c0ef/text'
[DEBUG] Using open Channel [id: 0xdb54d1df, L:/127.0.0.1:64474 - R:localhost/127.0.0.1:37337] for GET '/session/ef409424851856152e3fe438450bd180/element/5076d1e6-ff23-4adb-9f72-902f98a7c0ef/text'
[DEBUG] 

Request DefaultFullHttpRequest(decodeResult: success, version: HTTP/1.1, content: EmptyByteBufBE)
GET /session/ef409424851856152e3fe438450bd180/element/5076d1e6-ff23-4adb-9f72-902f98a7c0ef/text HTTP/1.1
User-Agent: selenium/4.8.1 (java windows)
Cache-Control: no-cache
Content-Type: application/json; charset=utf-8
host: localhost:37337
accept: */*

Response DefaultHttpResponse(decodeResult: success, version: HTTP/1.1)
HTTP/1.1 200 OK
Content-Length: 13
Content-Type: application/json; charset=utf-8
cache-control: no-cache

[DEBUG] Adding key: http://localhost:37337 for channel [id: 0xdb54d1df, L:/127.0.0.1:64474 - R:localhost/127.0.0.1:37337]
[DEBUG] Using pooled Channel '[id: 0xdb54d1df, L:/127.0.0.1:64474 - R:localhost/127.0.0.1:37337]' for 'GET' to 'http://localhost:37337/session/ef409424851856152e3fe438450bd180/element/17837bb5-ffd3-4568-8523-1a42edf733a8/text'
[DEBUG] Using open Channel [id: 0xdb54d1df, L:/127.0.0.1:64474 - R:localhost/127.0.0.1:37337] for GET '/session/ef409424851856152e3fe438450bd180/element/17837bb5-ffd3-4568-8523-1a42edf733a8/text'
[DEBUG] 

Request DefaultFullHttpRequest(decodeResult: success, version: HTTP/1.1, content: EmptyByteBufBE)
GET /session/ef409424851856152e3fe438450bd180/element/17837bb5-ffd3-4568-8523-1a42edf733a8/text HTTP/1.1
User-Agent: selenium/4.8.1 (java windows)
Cache-Control: no-cache
Content-Type: application/json; charset=utf-8
host: localhost:37337
accept: */*

Response DefaultHttpResponse(decodeResult: success, version: HTTP/1.1)
HTTP/1.1 200 OK
Content-Length: 13
Content-Type: application/json; charset=utf-8
cache-control: no-cache

[DEBUG] Adding key: http://localhost:37337 for channel [id: 0xdb54d1df, L:/127.0.0.1:64474 - R:localhost/127.0.0.1:37337]
[DEBUG] Using pooled Channel '[id: 0xdb54d1df, L:/127.0.0.1:64474 - R:localhost/127.0.0.1:37337]' for 'GET' to 'http://localhost:37337/session/ef409424851856152e3fe438450bd180/element/6416d118-34ea-401e-a78e-2e56b67ec25b/text'
[DEBUG] Using open Channel [id: 0xdb54d1df, L:/127.0.0.1:64474 - R:localhost/127.0.0.1:37337] for GET '/session/ef409424851856152e3fe438450bd180/element/6416d118-34ea-401e-a78e-2e56b67ec25b/text'
[DEBUG] 

Request DefaultFullHttpRequest(decodeResult: success, version: HTTP/1.1, content: EmptyByteBufBE)
GET /session/ef409424851856152e3fe438450bd180/element/6416d118-34ea-401e-a78e-2e56b67ec25b/text HTTP/1.1
User-Agent: selenium/4.8.1 (java windows)
Cache-Control: no-cache
Content-Type: application/json; charset=utf-8
host: localhost:37337
accept: */*

Response DefaultHttpResponse(decodeResult: success, version: HTTP/1.1)
HTTP/1.1 200 OK
Content-Length: 13
Content-Type: application/json; charset=utf-8
cache-control: no-cache

[DEBUG] Adding key: http://localhost:37337 for channel [id: 0xdb54d1df, L:/127.0.0.1:64474 - R:localhost/127.0.0.1:37337]
[DEBUG] Using pooled Channel '[id: 0xdb54d1df, L:/127.0.0.1:64474 - R:localhost/127.0.0.1:37337]' for 'GET' to 'http://localhost:37337/session/ef409424851856152e3fe438450bd180/element/af83385c-2822-4762-92fa-e76c1d518839/text'
[DEBUG] Using open Channel [id: 0xdb54d1df, L:/127.0.0.1:64474 - R:localhost/127.0.0.1:37337] for GET '/session/ef409424851856152e3fe438450bd180/element/af83385c-2822-4762-92fa-e76c1d518839/text'
[DEBUG] 

Request DefaultFullHttpRequest(decodeResult: success, version: HTTP/1.1, content: EmptyByteBufBE)
GET /session/ef409424851856152e3fe438450bd180/element/af83385c-2822-4762-92fa-e76c1d518839/text HTTP/1.1
User-Agent: selenium/4.8.1 (java windows)
Cache-Control: no-cache
Content-Type: application/json; charset=utf-8
host: localhost:37337
accept: */*

Response DefaultHttpResponse(decodeResult: success, version: HTTP/1.1)
HTTP/1.1 200 OK
Content-Length: 13
Content-Type: application/json; charset=utf-8
cache-control: no-cache

[DEBUG] Adding key: http://localhost:37337 for channel [id: 0xdb54d1df, L:/127.0.0.1:64474 - R:localhost/127.0.0.1:37337]
[DEBUG] Using pooled Channel '[id: 0xdb54d1df, L:/127.0.0.1:64474 - R:localhost/127.0.0.1:37337]' for 'GET' to 'http://localhost:37337/session/ef409424851856152e3fe438450bd180/element/8d1fb8a3-9739-48fc-b6f9-bb18adfc53c6/text'
[DEBUG] Using open Channel [id: 0xdb54d1df, L:/127.0.0.1:64474 - R:localhost/127.0.0.1:37337] for GET '/session/ef409424851856152e3fe438450bd180/element/8d1fb8a3-9739-48fc-b6f9-bb18adfc53c6/text'
[DEBUG] 

Request DefaultFullHttpRequest(decodeResult: success, version: HTTP/1.1, content: EmptyByteBufBE)
GET /session/ef409424851856152e3fe438450bd180/element/8d1fb8a3-9739-48fc-b6f9-bb18adfc53c6/text HTTP/1.1
User-Agent: selenium/4.8.1 (java windows)
Cache-Control: no-cache
Content-Type: application/json; charset=utf-8
host: localhost:37337
accept: */*

Response DefaultHttpResponse(decodeResult: success, version: HTTP/1.1)
HTTP/1.1 200 OK
Content-Length: 13
Content-Type: application/json; charset=utf-8
cache-control: no-cache

[DEBUG] Adding key: http://localhost:37337 for channel [id: 0xdb54d1df, L:/127.0.0.1:64474 - R:localhost/127.0.0.1:37337]
[DEBUG] Using pooled Channel '[id: 0xdb54d1df, L:/127.0.0.1:64474 - R:localhost/127.0.0.1:37337]' for 'GET' to 'http://localhost:37337/session/ef409424851856152e3fe438450bd180/element/81aa1870-b250-44f0-aa8b-e549648bab0c/text'
[DEBUG] Using open Channel [id: 0xdb54d1df, L:/127.0.0.1:64474 - R:localhost/127.0.0.1:37337] for GET '/session/ef409424851856152e3fe438450bd180/element/81aa1870-b250-44f0-aa8b-e549648bab0c/text'
[DEBUG] 

Request DefaultFullHttpRequest(decodeResult: success, version: HTTP/1.1, content: EmptyByteBufBE)
GET /session/ef409424851856152e3fe438450bd180/element/81aa1870-b250-44f0-aa8b-e549648bab0c/text HTTP/1.1
User-Agent: selenium/4.8.1 (java windows)
Cache-Control: no-cache
Content-Type: application/json; charset=utf-8
host: localhost:37337
accept: */*

Response DefaultHttpResponse(decodeResult: success, version: HTTP/1.1)
HTTP/1.1 200 OK
Content-Length: 13
Content-Type: application/json; charset=utf-8
cache-control: no-cache

[DEBUG] Adding key: http://localhost:37337 for channel [id: 0xdb54d1df, L:/127.0.0.1:64474 - R:localhost/127.0.0.1:37337]
[DEBUG] Using pooled Channel '[id: 0xdb54d1df, L:/127.0.0.1:64474 - R:localhost/127.0.0.1:37337]' for 'GET' to 'http://localhost:37337/session/ef409424851856152e3fe438450bd180/element/3609d05c-93a5-48fd-953c-424185f11aea/text'
[DEBUG] Using open Channel [id: 0xdb54d1df, L:/127.0.0.1:64474 - R:localhost/127.0.0.1:37337] for GET '/session/ef409424851856152e3fe438450bd180/element/3609d05c-93a5-48fd-953c-424185f11aea/text'
[DEBUG] 

Request DefaultFullHttpRequest(decodeResult: success, version: HTTP/1.1, content: EmptyByteBufBE)
GET /session/ef409424851856152e3fe438450bd180/element/3609d05c-93a5-48fd-953c-424185f11aea/text HTTP/1.1
User-Agent: selenium/4.8.1 (java windows)
Cache-Control: no-cache
Content-Type: application/json; charset=utf-8
host: localhost:37337
accept: */*

Response DefaultHttpResponse(decodeResult: success, version: HTTP/1.1)
HTTP/1.1 200 OK
Content-Length: 13
Content-Type: application/json; charset=utf-8
cache-control: no-cache

[DEBUG] Adding key: http://localhost:37337 for channel [id: 0xdb54d1df, L:/127.0.0.1:64474 - R:localhost/127.0.0.1:37337]
[DEBUG] Using pooled Channel '[id: 0xdb54d1df, L:/127.0.0.1:64474 - R:localhost/127.0.0.1:37337]' for 'GET' to 'http://localhost:37337/session/ef409424851856152e3fe438450bd180/element/a414c904-5408-4658-99aa-a533ec8a66de/text'
[DEBUG] Using open Channel [id: 0xdb54d1df, L:/127.0.0.1:64474 - R:localhost/127.0.0.1:37337] for GET '/session/ef409424851856152e3fe438450bd180/element/a414c904-5408-4658-99aa-a533ec8a66de/text'
[DEBUG] Entry count for : http://localhost:64475 : 1
[DEBUG] 

Request DefaultFullHttpRequest(decodeResult: success, version: HTTP/1.1, content: EmptyByteBufBE)
GET /session/ef409424851856152e3fe438450bd180/element/a414c904-5408-4658-99aa-a533ec8a66de/text HTTP/1.1
User-Agent: selenium/4.8.1 (java windows)
Cache-Control: no-cache
Content-Type: application/json; charset=utf-8
host: localhost:37337
accept: */*

Response DefaultHttpResponse(decodeResult: success, version: HTTP/1.1)
HTTP/1.1 200 OK
Content-Length: 13
Content-Type: application/json; charset=utf-8
cache-control: no-cache

[DEBUG] Adding key: http://localhost:37337 for channel [id: 0xdb54d1df, L:/127.0.0.1:64474 - R:localhost/127.0.0.1:37337]
[DEBUG] Using pooled Channel '[id: 0xdb54d1df, L:/127.0.0.1:64474 - R:localhost/127.0.0.1:37337]' for 'GET' to 'http://localhost:37337/session/ef409424851856152e3fe438450bd180/element/a9d9f5db-5cb6-4a08-82f7-18e839d40cf3/text'
[DEBUG] Using open Channel [id: 0xdb54d1df, L:/127.0.0.1:64474 - R:localhost/127.0.0.1:37337] for GET '/session/ef409424851856152e3fe438450bd180/element/a9d9f5db-5cb6-4a08-82f7-18e839d40cf3/text'
[DEBUG] 

Request DefaultFullHttpRequest(decodeResult: success, version: HTTP/1.1, content: EmptyByteBufBE)
GET /session/ef409424851856152e3fe438450bd180/element/a9d9f5db-5cb6-4a08-82f7-18e839d40cf3/text HTTP/1.1
User-Agent: selenium/4.8.1 (java windows)
Cache-Control: no-cache
Content-Type: application/json; charset=utf-8
host: localhost:37337
accept: */*

Response DefaultHttpResponse(decodeResult: success, version: HTTP/1.1)
HTTP/1.1 200 OK
Content-Length: 13
Content-Type: application/json; charset=utf-8
cache-control: no-cache

[DEBUG] Adding key: http://localhost:37337 for channel [id: 0xdb54d1df, L:/127.0.0.1:64474 - R:localhost/127.0.0.1:37337]
[DEBUG] Using pooled Channel '[id: 0xdb54d1df, L:/127.0.0.1:64474 - R:localhost/127.0.0.1:37337]' for 'GET' to 'http://localhost:37337/session/ef409424851856152e3fe438450bd180/element/f73528b1-6184-4ee1-9d6c-cb5aea954c7d/text'
[DEBUG] Using open Channel [id: 0xdb54d1df, L:/127.0.0.1:64474 - R:localhost/127.0.0.1:37337] for GET '/session/ef409424851856152e3fe438450bd180/element/f73528b1-6184-4ee1-9d6c-cb5aea954c7d/text'
[DEBUG] 

Request DefaultFullHttpRequest(decodeResult: success, version: HTTP/1.1, content: EmptyByteBufBE)
GET /session/ef409424851856152e3fe438450bd180/element/f73528b1-6184-4ee1-9d6c-cb5aea954c7d/text HTTP/1.1
User-Agent: selenium/4.8.1 (java windows)
Cache-Control: no-cache
Content-Type: application/json; charset=utf-8
host: localhost:37337
accept: */*

Response DefaultHttpResponse(decodeResult: success, version: HTTP/1.1)
HTTP/1.1 200 OK
Content-Length: 14
Content-Type: application/json; charset=utf-8
cache-control: no-cache

[DEBUG] Adding key: http://localhost:37337 for channel [id: 0xdb54d1df, L:/127.0.0.1:64474 - R:localhost/127.0.0.1:37337]
[DEBUG] Using pooled Channel '[id: 0xdb54d1df, L:/127.0.0.1:64474 - R:localhost/127.0.0.1:37337]' for 'GET' to 'http://localhost:37337/session/ef409424851856152e3fe438450bd180/element/809b227b-248b-4d3f-b656-8272ecbe5833/text'
[DEBUG] Using open Channel [id: 0xdb54d1df, L:/127.0.0.1:64474 - R:localhost/127.0.0.1:37337] for GET '/session/ef409424851856152e3fe438450bd180/element/809b227b-248b-4d3f-b656-8272ecbe5833/text'
[DEBUG] 

Request DefaultFullHttpRequest(decodeResult: success, version: HTTP/1.1, content: EmptyByteBufBE)
GET /session/ef409424851856152e3fe438450bd180/element/809b227b-248b-4d3f-b656-8272ecbe5833/text HTTP/1.1
User-Agent: selenium/4.8.1 (java windows)
Cache-Control: no-cache
Content-Type: application/json; charset=utf-8
host: localhost:37337
accept: */*

Response DefaultHttpResponse(decodeResult: success, version: HTTP/1.1)
HTTP/1.1 200 OK
Content-Length: 14
Content-Type: application/json; charset=utf-8
cache-control: no-cache

[DEBUG] Adding key: http://localhost:37337 for channel [id: 0xdb54d1df, L:/127.0.0.1:64474 - R:localhost/127.0.0.1:37337]
[DEBUG] Using pooled Channel '[id: 0xdb54d1df, L:/127.0.0.1:64474 - R:localhost/127.0.0.1:37337]' for 'GET' to 'http://localhost:37337/session/ef409424851856152e3fe438450bd180/element/20a92d3a-8fcd-4727-a282-8ebf5b4eacba/text'
[DEBUG] Using open Channel [id: 0xdb54d1df, L:/127.0.0.1:64474 - R:localhost/127.0.0.1:37337] for GET '/session/ef409424851856152e3fe438450bd180/element/20a92d3a-8fcd-4727-a282-8ebf5b4eacba/text'
[DEBUG] 

Request DefaultFullHttpRequest(decodeResult: success, version: HTTP/1.1, content: EmptyByteBufBE)
GET /session/ef409424851856152e3fe438450bd180/element/20a92d3a-8fcd-4727-a282-8ebf5b4eacba/text HTTP/1.1
User-Agent: selenium/4.8.1 (java windows)
Cache-Control: no-cache
Content-Type: application/json; charset=utf-8
host: localhost:37337
accept: */*

Response DefaultHttpResponse(decodeResult: success, version: HTTP/1.1)
HTTP/1.1 200 OK
Content-Length: 14
Content-Type: application/json; charset=utf-8
cache-control: no-cache

[DEBUG] Adding key: http://localhost:37337 for channel [id: 0xdb54d1df, L:/127.0.0.1:64474 - R:localhost/127.0.0.1:37337]
[DEBUG] Using pooled Channel '[id: 0xdb54d1df, L:/127.0.0.1:64474 - R:localhost/127.0.0.1:37337]' for 'GET' to 'http://localhost:37337/session/ef409424851856152e3fe438450bd180/element/b79d3025-4c48-4cae-99b3-ed6a379e16c8/text'
[DEBUG] Using open Channel [id: 0xdb54d1df, L:/127.0.0.1:64474 - R:localhost/127.0.0.1:37337] for GET '/session/ef409424851856152e3fe438450bd180/element/b79d3025-4c48-4cae-99b3-ed6a379e16c8/text'
[DEBUG] 

Request DefaultFullHttpRequest(decodeResult: success, version: HTTP/1.1, content: EmptyByteBufBE)
GET /session/ef409424851856152e3fe438450bd180/element/b79d3025-4c48-4cae-99b3-ed6a379e16c8/text HTTP/1.1
User-Agent: selenium/4.8.1 (java windows)
Cache-Control: no-cache
Content-Type: application/json; charset=utf-8
host: localhost:37337
accept: */*

Response DefaultHttpResponse(decodeResult: success, version: HTTP/1.1)
HTTP/1.1 200 OK
Content-Length: 14
Content-Type: application/json; charset=utf-8
cache-control: no-cache

[DEBUG] Adding key: http://localhost:37337 for channel [id: 0xdb54d1df, L:/127.0.0.1:64474 - R:localhost/127.0.0.1:37337]
[DEBUG] Using pooled Channel '[id: 0xdb54d1df, L:/127.0.0.1:64474 - R:localhost/127.0.0.1:37337]' for 'GET' to 'http://localhost:37337/session/ef409424851856152e3fe438450bd180/element/403bd52c-63a2-4785-b01c-6c1a3a151410/text'
[DEBUG] Using open Channel [id: 0xdb54d1df, L:/127.0.0.1:64474 - R:localhost/127.0.0.1:37337] for GET '/session/ef409424851856152e3fe438450bd180/element/403bd52c-63a2-4785-b01c-6c1a3a151410/text'
[DEBUG] 

Request DefaultFullHttpRequest(decodeResult: success, version: HTTP/1.1, content: EmptyByteBufBE)
GET /session/ef409424851856152e3fe438450bd180/element/403bd52c-63a2-4785-b01c-6c1a3a151410/text HTTP/1.1
User-Agent: selenium/4.8.1 (java windows)
Cache-Control: no-cache
Content-Type: application/json; charset=utf-8
host: localhost:37337
accept: */*

Response DefaultHttpResponse(decodeResult: success, version: HTTP/1.1)
HTTP/1.1 200 OK
Content-Length: 14
Content-Type: application/json; charset=utf-8
cache-control: no-cache

[DEBUG] Adding key: http://localhost:37337 for channel [id: 0xdb54d1df, L:/127.0.0.1:64474 - R:localhost/127.0.0.1:37337]
[DEBUG] Using pooled Channel '[id: 0xdb54d1df, L:/127.0.0.1:64474 - R:localhost/127.0.0.1:37337]' for 'GET' to 'http://localhost:37337/session/ef409424851856152e3fe438450bd180/element/d75f00d9-41bb-4e94-82f4-a15bc4b49fb4/text'
[DEBUG] Using open Channel [id: 0xdb54d1df, L:/127.0.0.1:64474 - R:localhost/127.0.0.1:37337] for GET '/session/ef409424851856152e3fe438450bd180/element/d75f00d9-41bb-4e94-82f4-a15bc4b49fb4/text'
[DEBUG] 

Request DefaultFullHttpRequest(decodeResult: success, version: HTTP/1.1, content: EmptyByteBufBE)
GET /session/ef409424851856152e3fe438450bd180/element/d75f00d9-41bb-4e94-82f4-a15bc4b49fb4/text HTTP/1.1
User-Agent: selenium/4.8.1 (java windows)
Cache-Control: no-cache
Content-Type: application/json; charset=utf-8
host: localhost:37337
accept: */*

Response DefaultHttpResponse(decodeResult: success, version: HTTP/1.1)
HTTP/1.1 200 OK
Content-Length: 14
Content-Type: application/json; charset=utf-8
cache-control: no-cache

[DEBUG] Adding key: http://localhost:37337 for channel [id: 0xdb54d1df, L:/127.0.0.1:64474 - R:localhost/127.0.0.1:37337]
[DEBUG] Using pooled Channel '[id: 0xdb54d1df, L:/127.0.0.1:64474 - R:localhost/127.0.0.1:37337]' for 'GET' to 'http://localhost:37337/session/ef409424851856152e3fe438450bd180/element/d569f93e-1371-4cf6-86a0-e43334dfa1e9/text'
[DEBUG] Using open Channel [id: 0xdb54d1df, L:/127.0.0.1:64474 - R:localhost/127.0.0.1:37337] for GET '/session/ef409424851856152e3fe438450bd180/element/d569f93e-1371-4cf6-86a0-e43334dfa1e9/text'
[DEBUG] 

Request DefaultFullHttpRequest(decodeResult: success, version: HTTP/1.1, content: EmptyByteBufBE)
GET /session/ef409424851856152e3fe438450bd180/element/d569f93e-1371-4cf6-86a0-e43334dfa1e9/text HTTP/1.1
User-Agent: selenium/4.8.1 (java windows)
Cache-Control: no-cache
Content-Type: application/json; charset=utf-8
host: localhost:37337
accept: */*

Response DefaultHttpResponse(decodeResult: success, version: HTTP/1.1)
HTTP/1.1 200 OK
Content-Length: 14
Content-Type: application/json; charset=utf-8
cache-control: no-cache

[DEBUG] Adding key: http://localhost:37337 for channel [id: 0xdb54d1df, L:/127.0.0.1:64474 - R:localhost/127.0.0.1:37337]
[DEBUG] Using pooled Channel '[id: 0xdb54d1df, L:/127.0.0.1:64474 - R:localhost/127.0.0.1:37337]' for 'GET' to 'http://localhost:37337/session/ef409424851856152e3fe438450bd180/element/0a87b71f-db9c-4eaa-a2b5-efea5908eaa3/text'
[DEBUG] Using open Channel [id: 0xdb54d1df, L:/127.0.0.1:64474 - R:localhost/127.0.0.1:37337] for GET '/session/ef409424851856152e3fe438450bd180/element/0a87b71f-db9c-4eaa-a2b5-efea5908eaa3/text'
[DEBUG] 

Request DefaultFullHttpRequest(decodeResult: success, version: HTTP/1.1, content: EmptyByteBufBE)
GET /session/ef409424851856152e3fe438450bd180/element/0a87b71f-db9c-4eaa-a2b5-efea5908eaa3/text HTTP/1.1
User-Agent: selenium/4.8.1 (java windows)
Cache-Control: no-cache
Content-Type: application/json; charset=utf-8
host: localhost:37337
accept: */*

Response DefaultHttpResponse(decodeResult: success, version: HTTP/1.1)
HTTP/1.1 200 OK
Content-Length: 14
Content-Type: application/json; charset=utf-8
cache-control: no-cache

[DEBUG] Adding key: http://localhost:37337 for channel [id: 0xdb54d1df, L:/127.0.0.1:64474 - R:localhost/127.0.0.1:37337]
[DEBUG] Using pooled Channel '[id: 0xdb54d1df, L:/127.0.0.1:64474 - R:localhost/127.0.0.1:37337]' for 'GET' to 'http://localhost:37337/session/ef409424851856152e3fe438450bd180/element/c8675202-45d2-4498-8f3d-35f275d8148a/text'
[DEBUG] Using open Channel [id: 0xdb54d1df, L:/127.0.0.1:64474 - R:localhost/127.0.0.1:37337] for GET '/session/ef409424851856152e3fe438450bd180/element/c8675202-45d2-4498-8f3d-35f275d8148a/text'
[DEBUG] 

Request DefaultFullHttpRequest(decodeResult: success, version: HTTP/1.1, content: EmptyByteBufBE)
GET /session/ef409424851856152e3fe438450bd180/element/c8675202-45d2-4498-8f3d-35f275d8148a/text HTTP/1.1
User-Agent: selenium/4.8.1 (java windows)
Cache-Control: no-cache
Content-Type: application/json; charset=utf-8
host: localhost:37337
accept: */*

Response DefaultHttpResponse(decodeResult: success, version: HTTP/1.1)
HTTP/1.1 200 OK
Content-Length: 14
Content-Type: application/json; charset=utf-8
cache-control: no-cache

[DEBUG] Adding key: http://localhost:37337 for channel [id: 0xdb54d1df, L:/127.0.0.1:64474 - R:localhost/127.0.0.1:37337]
[DEBUG] Using pooled Channel '[id: 0xdb54d1df, L:/127.0.0.1:64474 - R:localhost/127.0.0.1:37337]' for 'GET' to 'http://localhost:37337/session/ef409424851856152e3fe438450bd180/element/90bc6687-b843-46c4-92f7-1a826c91557c/text'
[DEBUG] Using open Channel [id: 0xdb54d1df, L:/127.0.0.1:64474 - R:localhost/127.0.0.1:37337] for GET '/session/ef409424851856152e3fe438450bd180/element/90bc6687-b843-46c4-92f7-1a826c91557c/text'
[DEBUG] 

Request DefaultFullHttpRequest(decodeResult: success, version: HTTP/1.1, content: EmptyByteBufBE)
GET /session/ef409424851856152e3fe438450bd180/element/90bc6687-b843-46c4-92f7-1a826c91557c/text HTTP/1.1
User-Agent: selenium/4.8.1 (java windows)
Cache-Control: no-cache
Content-Type: application/json; charset=utf-8
host: localhost:37337
accept: */*

Response DefaultHttpResponse(decodeResult: success, version: HTTP/1.1)
HTTP/1.1 200 OK
Content-Length: 14
Content-Type: application/json; charset=utf-8
cache-control: no-cache

[DEBUG] Adding key: http://localhost:37337 for channel [id: 0xdb54d1df, L:/127.0.0.1:64474 - R:localhost/127.0.0.1:37337]
[DEBUG] Using pooled Channel '[id: 0xdb54d1df, L:/127.0.0.1:64474 - R:localhost/127.0.0.1:37337]' for 'GET' to 'http://localhost:37337/session/ef409424851856152e3fe438450bd180/element/80ff2c70-f53c-4711-8305-e88d8ba67ca4/text'
[DEBUG] Using open Channel [id: 0xdb54d1df, L:/127.0.0.1:64474 - R:localhost/127.0.0.1:37337] for GET '/session/ef409424851856152e3fe438450bd180/element/80ff2c70-f53c-4711-8305-e88d8ba67ca4/text'
[DEBUG] 

Request DefaultFullHttpRequest(decodeResult: success, version: HTTP/1.1, content: EmptyByteBufBE)
GET /session/ef409424851856152e3fe438450bd180/element/80ff2c70-f53c-4711-8305-e88d8ba67ca4/text HTTP/1.1
User-Agent: selenium/4.8.1 (java windows)
Cache-Control: no-cache
Content-Type: application/json; charset=utf-8
host: localhost:37337
accept: */*

Response DefaultHttpResponse(decodeResult: success, version: HTTP/1.1)
HTTP/1.1 200 OK
Content-Length: 14
Content-Type: application/json; charset=utf-8
cache-control: no-cache

[DEBUG] Adding key: http://localhost:37337 for channel [id: 0xdb54d1df, L:/127.0.0.1:64474 - R:localhost/127.0.0.1:37337]
[DEBUG] Using pooled Channel '[id: 0xdb54d1df, L:/127.0.0.1:64474 - R:localhost/127.0.0.1:37337]' for 'POST' to 'http://localhost:37337/session/ef409424851856152e3fe438450bd180/element/80ff2c70-f53c-4711-8305-e88d8ba67ca4/click'
[DEBUG] Using open Channel [id: 0xdb54d1df, L:/127.0.0.1:64474 - R:localhost/127.0.0.1:37337] for POST '/session/ef409424851856152e3fe438450bd180/element/80ff2c70-f53c-4711-8305-e88d8ba67ca4/click'
[DEBUG] 

Request DefaultHttpRequest(decodeResult: success, version: HTTP/1.1)
POST /session/ef409424851856152e3fe438450bd180/element/80ff2c70-f53c-4711-8305-e88d8ba67ca4/click HTTP/1.1
User-Agent: selenium/4.8.1 (java windows)
Content-Length: 50
Content-Type: application/json; charset=utf-8
host: localhost:37337
accept: */*

Response DefaultHttpResponse(decodeResult: success, version: HTTP/1.1)
HTTP/1.1 200 OK
Content-Length: 14
Content-Type: application/json; charset=utf-8
cache-control: no-cache

[DEBUG] Adding key: http://localhost:37337 for channel [id: 0xdb54d1df, L:/127.0.0.1:64474 - R:localhost/127.0.0.1:37337]
[DEBUG] Using pooled Channel '[id: 0xdb54d1df, L:/127.0.0.1:64474 - R:localhost/127.0.0.1:37337]' for 'POST' to 'http://localhost:37337/session/ef409424851856152e3fe438450bd180/element'
[DEBUG] Using open Channel [id: 0xdb54d1df, L:/127.0.0.1:64474 - R:localhost/127.0.0.1:37337] for POST '/session/ef409424851856152e3fe438450bd180/element'
[DEBUG] 

Request DefaultHttpRequest(decodeResult: success, version: HTTP/1.1)
POST /session/ef409424851856152e3fe438450bd180/element HTTP/1.1
User-Agent: selenium/4.8.1 (java windows)
Content-Length: 49
Content-Type: application/json; charset=utf-8
host: localhost:37337
accept: */*

Response DefaultHttpResponse(decodeResult: success, version: HTTP/1.1)
HTTP/1.1 200 OK
Content-Length: 88
Content-Type: application/json; charset=utf-8
cache-control: no-cache

[DEBUG] Adding key: http://localhost:37337 for channel [id: 0xdb54d1df, L:/127.0.0.1:64474 - R:localhost/127.0.0.1:37337]
[DEBUG] Using pooled Channel '[id: 0xdb54d1df, L:/127.0.0.1:64474 - R:localhost/127.0.0.1:37337]' for 'GET' to 'http://localhost:37337/session/ef409424851856152e3fe438450bd180/element/a2662311-3548-4934-8c6f-47093c8f8318/name'
[DEBUG] Using open Channel [id: 0xdb54d1df, L:/127.0.0.1:64474 - R:localhost/127.0.0.1:37337] for GET '/session/ef409424851856152e3fe438450bd180/element/a2662311-3548-4934-8c6f-47093c8f8318/name'
[DEBUG] 

Request DefaultFullHttpRequest(decodeResult: success, version: HTTP/1.1, content: EmptyByteBufBE)
GET /session/ef409424851856152e3fe438450bd180/element/a2662311-3548-4934-8c6f-47093c8f8318/name HTTP/1.1
User-Agent: selenium/4.8.1 (java windows)
Cache-Control: no-cache
Content-Type: application/json; charset=utf-8
host: localhost:37337
accept: */*

Response DefaultHttpResponse(decodeResult: success, version: HTTP/1.1)
HTTP/1.1 200 OK
Content-Length: 18
Content-Type: application/json; charset=utf-8
cache-control: no-cache

[DEBUG] Adding key: http://localhost:37337 for channel [id: 0xdb54d1df, L:/127.0.0.1:64474 - R:localhost/127.0.0.1:37337]
[DEBUG] Using pooled Channel '[id: 0xdb54d1df, L:/127.0.0.1:64474 - R:localhost/127.0.0.1:37337]' for 'GET' to 'http://localhost:37337/session/ef409424851856152e3fe438450bd180/element/a2662311-3548-4934-8c6f-47093c8f8318/attribute/multiple'
[DEBUG] Using open Channel [id: 0xdb54d1df, L:/127.0.0.1:64474 - R:localhost/127.0.0.1:37337] for GET '/session/ef409424851856152e3fe438450bd180/element/a2662311-3548-4934-8c6f-47093c8f8318/attribute/multiple'
[DEBUG] 

Request DefaultFullHttpRequest(decodeResult: success, version: HTTP/1.1, content: EmptyByteBufBE)
GET /session/ef409424851856152e3fe438450bd180/element/a2662311-3548-4934-8c6f-47093c8f8318/attribute/multiple HTTP/1.1
User-Agent: selenium/4.8.1 (java windows)
Cache-Control: no-cache
Content-Type: application/json; charset=utf-8
host: localhost:37337
accept: */*

Response DefaultHttpResponse(decodeResult: success, version: HTTP/1.1)
HTTP/1.1 200 OK
Content-Length: 14
Content-Type: application/json; charset=utf-8
cache-control: no-cache

[DEBUG] Adding key: http://localhost:37337 for channel [id: 0xdb54d1df, L:/127.0.0.1:64474 - R:localhost/127.0.0.1:37337]
[DEBUG] Using pooled Channel '[id: 0xdb54d1df, L:/127.0.0.1:64474 - R:localhost/127.0.0.1:37337]' for 'POST' to 'http://localhost:37337/session/ef409424851856152e3fe438450bd180/element/a2662311-3548-4934-8c6f-47093c8f8318/elements'
[DEBUG] Using open Channel [id: 0xdb54d1df, L:/127.0.0.1:64474 - R:localhost/127.0.0.1:37337] for POST '/session/ef409424851856152e3fe438450bd180/element/a2662311-3548-4934-8c6f-47093c8f8318/elements'
[DEBUG] 

Request DefaultHttpRequest(decodeResult: success, version: HTTP/1.1)
POST /session/ef409424851856152e3fe438450bd180/element/a2662311-3548-4934-8c6f-47093c8f8318/elements HTTP/1.1
User-Agent: selenium/4.8.1 (java windows)
Content-Length: 94
Content-Type: application/json; charset=utf-8
host: localhost:37337
accept: */*

Response DefaultHttpResponse(decodeResult: success, version: HTTP/1.1)
HTTP/1.1 200 OK
Content-Length: 9412
Content-Type: application/json; charset=utf-8
cache-control: no-cache

[DEBUG] Adding key: http://localhost:37337 for channel [id: 0xdb54d1df, L:/127.0.0.1:64474 - R:localhost/127.0.0.1:37337]
[DEBUG] Using pooled Channel '[id: 0xdb54d1df, L:/127.0.0.1:64474 - R:localhost/127.0.0.1:37337]' for 'GET' to 'http://localhost:37337/session/ef409424851856152e3fe438450bd180/element/37b934eb-fe42-4997-b275-4645ba290054/text'
[DEBUG] Using open Channel [id: 0xdb54d1df, L:/127.0.0.1:64474 - R:localhost/127.0.0.1:37337] for GET '/session/ef409424851856152e3fe438450bd180/element/37b934eb-fe42-4997-b275-4645ba290054/text'
[DEBUG] 

Request DefaultFullHttpRequest(decodeResult: success, version: HTTP/1.1, content: EmptyByteBufBE)
GET /session/ef409424851856152e3fe438450bd180/element/37b934eb-fe42-4997-b275-4645ba290054/text HTTP/1.1
User-Agent: selenium/4.8.1 (java windows)
Cache-Control: no-cache
Content-Type: application/json; charset=utf-8
host: localhost:37337
accept: */*

Response DefaultHttpResponse(decodeResult: success, version: HTTP/1.1)
HTTP/1.1 200 OK
Content-Length: 16
Content-Type: application/json; charset=utf-8
cache-control: no-cache

[DEBUG] Adding key: http://localhost:37337 for channel [id: 0xdb54d1df, L:/127.0.0.1:64474 - R:localhost/127.0.0.1:37337]
[DEBUG] Using pooled Channel '[id: 0xdb54d1df, L:/127.0.0.1:64474 - R:localhost/127.0.0.1:37337]' for 'GET' to 'http://localhost:37337/session/ef409424851856152e3fe438450bd180/element/0a620d96-b46e-4c6f-b7a6-328ecd6c71ff/text'
[DEBUG] Using open Channel [id: 0xdb54d1df, L:/127.0.0.1:64474 - R:localhost/127.0.0.1:37337] for GET '/session/ef409424851856152e3fe438450bd180/element/0a620d96-b46e-4c6f-b7a6-328ecd6c71ff/text'
[DEBUG] 

Request DefaultFullHttpRequest(decodeResult: success, version: HTTP/1.1, content: EmptyByteBufBE)
GET /session/ef409424851856152e3fe438450bd180/element/0a620d96-b46e-4c6f-b7a6-328ecd6c71ff/text HTTP/1.1
User-Agent: selenium/4.8.1 (java windows)
Cache-Control: no-cache
Content-Type: application/json; charset=utf-8
host: localhost:37337
accept: */*

Response DefaultHttpResponse(decodeResult: success, version: HTTP/1.1)
HTTP/1.1 200 OK
Content-Length: 16
Content-Type: application/json; charset=utf-8
cache-control: no-cache

[DEBUG] Adding key: http://localhost:37337 for channel [id: 0xdb54d1df, L:/127.0.0.1:64474 - R:localhost/127.0.0.1:37337]
[DEBUG] Using pooled Channel '[id: 0xdb54d1df, L:/127.0.0.1:64474 - R:localhost/127.0.0.1:37337]' for 'GET' to 'http://localhost:37337/session/ef409424851856152e3fe438450bd180/element/102aa36b-2623-47af-af7f-471ccebf5692/text'
[DEBUG] Using open Channel [id: 0xdb54d1df, L:/127.0.0.1:64474 - R:localhost/127.0.0.1:37337] for GET '/session/ef409424851856152e3fe438450bd180/element/102aa36b-2623-47af-af7f-471ccebf5692/text'
[DEBUG] 

Request DefaultFullHttpRequest(decodeResult: success, version: HTTP/1.1, content: EmptyByteBufBE)
GET /session/ef409424851856152e3fe438450bd180/element/102aa36b-2623-47af-af7f-471ccebf5692/text HTTP/1.1
User-Agent: selenium/4.8.1 (java windows)
Cache-Control: no-cache
Content-Type: application/json; charset=utf-8
host: localhost:37337
accept: */*

Response DefaultHttpResponse(decodeResult: success, version: HTTP/1.1)
HTTP/1.1 200 OK
Content-Length: 16
Content-Type: application/json; charset=utf-8
cache-control: no-cache

[DEBUG] Adding key: http://localhost:37337 for channel [id: 0xdb54d1df, L:/127.0.0.1:64474 - R:localhost/127.0.0.1:37337]
[DEBUG] Using pooled Channel '[id: 0xdb54d1df, L:/127.0.0.1:64474 - R:localhost/127.0.0.1:37337]' for 'GET' to 'http://localhost:37337/session/ef409424851856152e3fe438450bd180/element/3e086295-5073-417b-9440-b5bf63ede06a/text'
[DEBUG] Using open Channel [id: 0xdb54d1df, L:/127.0.0.1:64474 - R:localhost/127.0.0.1:37337] for GET '/session/ef409424851856152e3fe438450bd180/element/3e086295-5073-417b-9440-b5bf63ede06a/text'
[DEBUG] 

Request DefaultFullHttpRequest(decodeResult: success, version: HTTP/1.1, content: EmptyByteBufBE)
GET /session/ef409424851856152e3fe438450bd180/element/3e086295-5073-417b-9440-b5bf63ede06a/text HTTP/1.1
User-Agent: selenium/4.8.1 (java windows)
Cache-Control: no-cache
Content-Type: application/json; charset=utf-8
host: localhost:37337
accept: */*

Response DefaultHttpResponse(decodeResult: success, version: HTTP/1.1)
HTTP/1.1 200 OK
Content-Length: 16
Content-Type: application/json; charset=utf-8
cache-control: no-cache

[DEBUG] Adding key: http://localhost:37337 for channel [id: 0xdb54d1df, L:/127.0.0.1:64474 - R:localhost/127.0.0.1:37337]
[DEBUG] Using pooled Channel '[id: 0xdb54d1df, L:/127.0.0.1:64474 - R:localhost/127.0.0.1:37337]' for 'GET' to 'http://localhost:37337/session/ef409424851856152e3fe438450bd180/element/8144ea9a-204e-47ba-a701-b49c9b5dce88/text'
[DEBUG] Using open Channel [id: 0xdb54d1df, L:/127.0.0.1:64474 - R:localhost/127.0.0.1:37337] for GET '/session/ef409424851856152e3fe438450bd180/element/8144ea9a-204e-47ba-a701-b49c9b5dce88/text'
[DEBUG] 

Request DefaultFullHttpRequest(decodeResult: success, version: HTTP/1.1, content: EmptyByteBufBE)
GET /session/ef409424851856152e3fe438450bd180/element/8144ea9a-204e-47ba-a701-b49c9b5dce88/text HTTP/1.1
User-Agent: selenium/4.8.1 (java windows)
Cache-Control: no-cache
Content-Type: application/json; charset=utf-8
host: localhost:37337
accept: */*

Response DefaultHttpResponse(decodeResult: success, version: HTTP/1.1)
HTTP/1.1 200 OK
Content-Length: 16
Content-Type: application/json; charset=utf-8
cache-control: no-cache

[DEBUG] Adding key: http://localhost:37337 for channel [id: 0xdb54d1df, L:/127.0.0.1:64474 - R:localhost/127.0.0.1:37337]
[DEBUG] Using pooled Channel '[id: 0xdb54d1df, L:/127.0.0.1:64474 - R:localhost/127.0.0.1:37337]' for 'GET' to 'http://localhost:37337/session/ef409424851856152e3fe438450bd180/element/19963a21-d009-435c-8dff-5028817a0d25/text'
[DEBUG] Using open Channel [id: 0xdb54d1df, L:/127.0.0.1:64474 - R:localhost/127.0.0.1:37337] for GET '/session/ef409424851856152e3fe438450bd180/element/19963a21-d009-435c-8dff-5028817a0d25/text'
[DEBUG] 

Request DefaultFullHttpRequest(decodeResult: success, version: HTTP/1.1, content: EmptyByteBufBE)
GET /session/ef409424851856152e3fe438450bd180/element/19963a21-d009-435c-8dff-5028817a0d25/text HTTP/1.1
User-Agent: selenium/4.8.1 (java windows)
Cache-Control: no-cache
Content-Type: application/json; charset=utf-8
host: localhost:37337
accept: */*

Response DefaultHttpResponse(decodeResult: success, version: HTTP/1.1)
HTTP/1.1 200 OK
Content-Length: 16
Content-Type: application/json; charset=utf-8
cache-control: no-cache

[DEBUG] Adding key: http://localhost:37337 for channel [id: 0xdb54d1df, L:/127.0.0.1:64474 - R:localhost/127.0.0.1:37337]
[DEBUG] Using pooled Channel '[id: 0xdb54d1df, L:/127.0.0.1:64474 - R:localhost/127.0.0.1:37337]' for 'GET' to 'http://localhost:37337/session/ef409424851856152e3fe438450bd180/element/4a4544f1-2da3-429c-b802-4f8c591dd5e7/text'
[DEBUG] Using open Channel [id: 0xdb54d1df, L:/127.0.0.1:64474 - R:localhost/127.0.0.1:37337] for GET '/session/ef409424851856152e3fe438450bd180/element/4a4544f1-2da3-429c-b802-4f8c591dd5e7/text'
[DEBUG] 

Request DefaultFullHttpRequest(decodeResult: success, version: HTTP/1.1, content: EmptyByteBufBE)
GET /session/ef409424851856152e3fe438450bd180/element/4a4544f1-2da3-429c-b802-4f8c591dd5e7/text HTTP/1.1
User-Agent: selenium/4.8.1 (java windows)
Cache-Control: no-cache
Content-Type: application/json; charset=utf-8
host: localhost:37337
accept: */*

Response DefaultHttpResponse(decodeResult: success, version: HTTP/1.1)
HTTP/1.1 200 OK
Content-Length: 16
Content-Type: application/json; charset=utf-8
cache-control: no-cache

[DEBUG] Adding key: http://localhost:37337 for channel [id: 0xdb54d1df, L:/127.0.0.1:64474 - R:localhost/127.0.0.1:37337]
[DEBUG] Using pooled Channel '[id: 0xdb54d1df, L:/127.0.0.1:64474 - R:localhost/127.0.0.1:37337]' for 'GET' to 'http://localhost:37337/session/ef409424851856152e3fe438450bd180/element/4ca89584-e6dc-4352-bb09-723b11ddd079/text'
[DEBUG] Using open Channel [id: 0xdb54d1df, L:/127.0.0.1:64474 - R:localhost/127.0.0.1:37337] for GET '/session/ef409424851856152e3fe438450bd180/element/4ca89584-e6dc-4352-bb09-723b11ddd079/text'
[DEBUG] 

Request DefaultFullHttpRequest(decodeResult: success, version: HTTP/1.1, content: EmptyByteBufBE)
GET /session/ef409424851856152e3fe438450bd180/element/4ca89584-e6dc-4352-bb09-723b11ddd079/text HTTP/1.1
User-Agent: selenium/4.8.1 (java windows)
Cache-Control: no-cache
Content-Type: application/json; charset=utf-8
host: localhost:37337
accept: */*

Response DefaultHttpResponse(decodeResult: success, version: HTTP/1.1)
HTTP/1.1 200 OK
Content-Length: 16
Content-Type: application/json; charset=utf-8
cache-control: no-cache

[DEBUG] Adding key: http://localhost:37337 for channel [id: 0xdb54d1df, L:/127.0.0.1:64474 - R:localhost/127.0.0.1:37337]
[DEBUG] Using pooled Channel '[id: 0xdb54d1df, L:/127.0.0.1:64474 - R:localhost/127.0.0.1:37337]' for 'GET' to 'http://localhost:37337/session/ef409424851856152e3fe438450bd180/element/7cfd17a8-4fe1-4f94-80e8-a90a94ae3205/text'
[DEBUG] Using open Channel [id: 0xdb54d1df, L:/127.0.0.1:64474 - R:localhost/127.0.0.1:37337] for GET '/session/ef409424851856152e3fe438450bd180/element/7cfd17a8-4fe1-4f94-80e8-a90a94ae3205/text'
[DEBUG] 

Request DefaultFullHttpRequest(decodeResult: success, version: HTTP/1.1, content: EmptyByteBufBE)
GET /session/ef409424851856152e3fe438450bd180/element/7cfd17a8-4fe1-4f94-80e8-a90a94ae3205/text HTTP/1.1
User-Agent: selenium/4.8.1 (java windows)
Cache-Control: no-cache
Content-Type: application/json; charset=utf-8
host: localhost:37337
accept: */*

Response DefaultHttpResponse(decodeResult: success, version: HTTP/1.1)
HTTP/1.1 200 OK
Content-Length: 16
Content-Type: application/json; charset=utf-8
cache-control: no-cache

[DEBUG] Adding key: http://localhost:37337 for channel [id: 0xdb54d1df, L:/127.0.0.1:64474 - R:localhost/127.0.0.1:37337]
[DEBUG] Using pooled Channel '[id: 0xdb54d1df, L:/127.0.0.1:64474 - R:localhost/127.0.0.1:37337]' for 'GET' to 'http://localhost:37337/session/ef409424851856152e3fe438450bd180/element/4126a438-7c62-4c56-b287-492268181856/text'
[DEBUG] Using open Channel [id: 0xdb54d1df, L:/127.0.0.1:64474 - R:localhost/127.0.0.1:37337] for GET '/session/ef409424851856152e3fe438450bd180/element/4126a438-7c62-4c56-b287-492268181856/text'
[DEBUG] 

Request DefaultFullHttpRequest(decodeResult: success, version: HTTP/1.1, content: EmptyByteBufBE)
GET /session/ef409424851856152e3fe438450bd180/element/4126a438-7c62-4c56-b287-492268181856/text HTTP/1.1
User-Agent: selenium/4.8.1 (java windows)
Cache-Control: no-cache
Content-Type: application/json; charset=utf-8
host: localhost:37337
accept: */*

Response DefaultHttpResponse(decodeResult: success, version: HTTP/1.1)
HTTP/1.1 200 OK
Content-Length: 16
Content-Type: application/json; charset=utf-8
cache-control: no-cache

[DEBUG] Adding key: http://localhost:37337 for channel [id: 0xdb54d1df, L:/127.0.0.1:64474 - R:localhost/127.0.0.1:37337]
[DEBUG] Using pooled Channel '[id: 0xdb54d1df, L:/127.0.0.1:64474 - R:localhost/127.0.0.1:37337]' for 'GET' to 'http://localhost:37337/session/ef409424851856152e3fe438450bd180/element/5a57f5b9-64a4-4a38-b14b-1386314952d0/text'
[DEBUG] Using open Channel [id: 0xdb54d1df, L:/127.0.0.1:64474 - R:localhost/127.0.0.1:37337] for GET '/session/ef409424851856152e3fe438450bd180/element/5a57f5b9-64a4-4a38-b14b-1386314952d0/text'
[DEBUG] 

Request DefaultFullHttpRequest(decodeResult: success, version: HTTP/1.1, content: EmptyByteBufBE)
GET /session/ef409424851856152e3fe438450bd180/element/5a57f5b9-64a4-4a38-b14b-1386314952d0/text HTTP/1.1
User-Agent: selenium/4.8.1 (java windows)
Cache-Control: no-cache
Content-Type: application/json; charset=utf-8
host: localhost:37337
accept: */*

Response DefaultHttpResponse(decodeResult: success, version: HTTP/1.1)
HTTP/1.1 200 OK
Content-Length: 16
Content-Type: application/json; charset=utf-8
cache-control: no-cache

[DEBUG] Adding key: http://localhost:37337 for channel [id: 0xdb54d1df, L:/127.0.0.1:64474 - R:localhost/127.0.0.1:37337]
[DEBUG] Using pooled Channel '[id: 0xdb54d1df, L:/127.0.0.1:64474 - R:localhost/127.0.0.1:37337]' for 'GET' to 'http://localhost:37337/session/ef409424851856152e3fe438450bd180/element/95bf8545-f7d5-44a6-be75-1dffbeb5a665/text'
[DEBUG] Using open Channel [id: 0xdb54d1df, L:/127.0.0.1:64474 - R:localhost/127.0.0.1:37337] for GET '/session/ef409424851856152e3fe438450bd180/element/95bf8545-f7d5-44a6-be75-1dffbeb5a665/text'
[DEBUG] 

Request DefaultFullHttpRequest(decodeResult: success, version: HTTP/1.1, content: EmptyByteBufBE)
GET /session/ef409424851856152e3fe438450bd180/element/95bf8545-f7d5-44a6-be75-1dffbeb5a665/text HTTP/1.1
User-Agent: selenium/4.8.1 (java windows)
Cache-Control: no-cache
Content-Type: application/json; charset=utf-8
host: localhost:37337
accept: */*

Response DefaultHttpResponse(decodeResult: success, version: HTTP/1.1)
HTTP/1.1 200 OK
Content-Length: 16
Content-Type: application/json; charset=utf-8
cache-control: no-cache

[DEBUG] Adding key: http://localhost:37337 for channel [id: 0xdb54d1df, L:/127.0.0.1:64474 - R:localhost/127.0.0.1:37337]
[DEBUG] Using pooled Channel '[id: 0xdb54d1df, L:/127.0.0.1:64474 - R:localhost/127.0.0.1:37337]' for 'GET' to 'http://localhost:37337/session/ef409424851856152e3fe438450bd180/element/4ea8af68-40c9-49e2-bd9a-8d02218d41b8/text'
[DEBUG] Using open Channel [id: 0xdb54d1df, L:/127.0.0.1:64474 - R:localhost/127.0.0.1:37337] for GET '/session/ef409424851856152e3fe438450bd180/element/4ea8af68-40c9-49e2-bd9a-8d02218d41b8/text'
[DEBUG] 

[...]
[DEBUG] Using open Channel [id: 0xb07ac5c6, L:/127.0.0.1:64516 - R:localhost/127.0.0.1:46602] for POST '/session/3e6481e581549a1756a57b06f2c97c04/execute/sync'
[DEBUG] 

Request DefaultHttpRequest(decodeResult: success, version: HTTP/1.1)
POST /session/3e6481e581549a1756a57b06f2c97c04/execute/sync HTTP/1.1
User-Agent: selenium/4.8.1 (java windows)
Content-Length: 47379
Content-Type: application/json; charset=utf-8
host: localhost:46602
accept: */*

Response DefaultHttpResponse(decodeResult: success, version: HTTP/1.1)
HTTP/1.1 200 OK
Content-Length: 13
Content-Type: application/json; charset=utf-8
cache-control: no-cache

[DEBUG] Adding key: http://localhost:46602 for channel [id: 0xb07ac5c6, L:/127.0.0.1:64516 - R:localhost/127.0.0.1:46602]
[DEBUG] Using pooled Channel '[id: 0xb07ac5c6, L:/127.0.0.1:64516 - R:localhost/127.0.0.1:46602]' for 'POST' to 'http://localhost:46602/session/3e6481e581549a1756a57b06f2c97c04/element/a150bab4-94c9-42b0-89ac-c0861af497f5/click'
[DEBUG] Using open Channel [id: 0xb07ac5c6, L:/127.0.0.1:64516 - R:localhost/127.0.0.1:46602] for POST '/session/3e6481e581549a1756a57b06f2c97c04/element/a150bab4-94c9-42b0-89ac-c0861af497f5/click'
[DEBUG] Entry count for : http://localhost:64518 : 1
[DEBUG] Entry count for : http://localhost:64475 : 1
[DEBUG] Entry count for : http://localhost:37337 : 1
[DEBUG] Entry count for : http://localhost:64518 : 1
[DEBUG] Entry count for : http://localhost:64475 : 1
[DEBUG] Entry count for : http://localhost:37337 : 1
[DEBUG] Entry count for : http://localhost:64518 : 1
[DEBUG] Entry count for : http://localhost:64475 : 1
[DEBUG] Entry count for : http://localhost:37337 : 1
[DEBUG] Entry count for : http://localhost:64518 : 1
[DEBUG] Entry count for : http://localhost:64475 : 1
[DEBUG] Entry count for : http://localhost:37337 : 1
[DEBUG] 

Request DefaultHttpRequest(decodeResult: success, version: HTTP/1.1)
POST /session/3e6481e581549a1756a57b06f2c97c04/element/a150bab4-94c9-42b0-89ac-c0861af497f5/click HTTP/1.1
User-Agent: selenium/4.8.1 (java windows)
Content-Length: 50
Content-Type: application/json; charset=utf-8
host: localhost:46602
accept: */*

Response DefaultHttpResponse(decodeResult: success, version: HTTP/1.1)
HTTP/1.1 200 OK
Content-Length: 14
Content-Type: application/json; charset=utf-8
cache-control: no-cache

[DEBUG] Adding key: http://localhost:46602 for channel [id: 0xb07ac5c6, L:/127.0.0.1:64516 - R:localhost/127.0.0.1:46602]
]]></system-out>
  </testcase>
  <testcase name="itemSize" classname="UsingLoops.Amazon_UsingLoops" time="0.079">
    <system-out><![CDATA[[DEBUG] Using pooled Channel '[id: 0xb07ac5c6, L:/127.0.0.1:64516 - R:localhost/127.0.0.1:46602]' for 'POST' to 'http://localhost:46602/session/3e6481e581549a1756a57b06f2c97c04/elements'
[DEBUG] Using open Channel [id: 0xb07ac5c6, L:/127.0.0.1:64516 - R:localhost/127.0.0.1:46602] for POST '/session/3e6481e581549a1756a57b06f2c97c04/elements'
[DEBUG] 

Request DefaultHttpRequest(decodeResult: success, version: HTTP/1.1)
POST /session/3e6481e581549a1756a57b06f2c97c04/elements HTTP/1.1
User-Agent: selenium/4.8.1 (java windows)
Content-Length: 71
Content-Type: application/json; charset=utf-8
host: localhost:46602
accept: */*

Response DefaultHttpResponse(decodeResult: success, version: HTTP/1.1)
HTTP/1.1 200 OK
Content-Length: 90
Content-Type: application/json; charset=utf-8
cache-control: no-cache

[DEBUG] Adding key: http://localhost:46602 for channel [id: 0xb07ac5c6, L:/127.0.0.1:64516 - R:localhost/127.0.0.1:46602]
No of options: 1
[DEBUG] Using pooled Channel '[id: 0xb07ac5c6, L:/127.0.0.1:64516 - R:localhost/127.0.0.1:46602]' for 'POST' to 'http://localhost:46602/session/3e6481e581549a1756a57b06f2c97c04/execute/sync'
[DEBUG] Using open Channel [id: 0xb07ac5c6, L:/127.0.0.1:64516 - R:localhost/127.0.0.1:46602] for POST '/session/3e6481e581549a1756a57b06f2c97c04/execute/sync'
[DEBUG] 

Request DefaultHttpRequest(decodeResult: success, version: HTTP/1.1)
POST /session/3e6481e581549a1756a57b06f2c97c04/execute/sync HTTP/1.1
User-Agent: selenium/4.8.1 (java windows)
Content-Length: 47368
Content-Type: application/json; charset=utf-8
host: localhost:46602
accept: */*

Response DefaultHttpResponse(decodeResult: success, version: HTTP/1.1)
HTTP/1.1 200 OK
Content-Length: 25
Content-Type: application/json; charset=utf-8
cache-control: no-cache

[DEBUG] Adding key: http://localhost:46602 for channel [id: 0xb07ac5c6, L:/127.0.0.1:64516 - R:localhost/127.0.0.1:46602]
]]></system-out>
  </testcase>
  <testcase name="addToCart" classname="UsingLoops.Amazon_UsingLoops" time="3.737">
    <system-out><![CDATA[[DEBUG] Using pooled Channel '[id: 0xb07ac5c6, L:/127.0.0.1:64516 - R:localhost/127.0.0.1:46602]' for 'POST' to 'http://localhost:46602/session/3e6481e581549a1756a57b06f2c97c04/element'
[DEBUG] Using open Channel [id: 0xb07ac5c6, L:/127.0.0.1:64516 - R:localhost/127.0.0.1:46602] for POST '/session/3e6481e581549a1756a57b06f2c97c04/element'
[DEBUG] 

Request DefaultHttpRequest(decodeResult: success, version: HTTP/1.1)
POST /session/3e6481e581549a1756a57b06f2c97c04/element HTTP/1.1
User-Agent: selenium/4.8.1 (java windows)
Content-Length: 68
Content-Type: application/json; charset=utf-8
host: localhost:46602
accept: */*

Response DefaultHttpResponse(decodeResult: success, version: HTTP/1.1)
HTTP/1.1 200 OK
Content-Length: 88
Content-Type: application/json; charset=utf-8
cache-control: no-cache

[DEBUG] Adding key: http://localhost:46602 for channel [id: 0xb07ac5c6, L:/127.0.0.1:64516 - R:localhost/127.0.0.1:46602]
[DEBUG] Using pooled Channel '[id: 0xb07ac5c6, L:/127.0.0.1:64516 - R:localhost/127.0.0.1:46602]' for 'POST' to 'http://localhost:46602/session/3e6481e581549a1756a57b06f2c97c04/element/37f77ed6-053b-4f34-8f63-b3fdf0c1a23f/click'
[DEBUG] Using open Channel [id: 0xb07ac5c6, L:/127.0.0.1:64516 - R:localhost/127.0.0.1:46602] for POST '/session/3e6481e581549a1756a57b06f2c97c04/element/37f77ed6-053b-4f34-8f63-b3fdf0c1a23f/click'
[DEBUG] Entry count for : http://localhost:64518 : 1
[DEBUG] Entry count for : http://localhost:64475 : 1
[DEBUG] Entry count for : http://localhost:37337 : 1
[DEBUG] 

Request DefaultHttpRequest(decodeResult: success, version: HTTP/1.1)
POST /session/3e6481e581549a1756a57b06f2c97c04/element/37f77ed6-053b-4f34-8f63-b3fdf0c1a23f/click HTTP/1.1
User-Agent: selenium/4.8.1 (java windows)
Content-Length: 50
Content-Type: application/json; charset=utf-8
host: localhost:46602
accept: */*

Response DefaultHttpResponse(decodeResult: success, version: HTTP/1.1)
HTTP/1.1 200 OK
Content-Length: 14
Content-Type: application/json; charset=utf-8
cache-control: no-cache

[DEBUG] Adding key: http://localhost:46602 for channel [id: 0xb07ac5c6, L:/127.0.0.1:64516 - R:localhost/127.0.0.1:46602]
[DEBUG] Entry count for : http://localhost:64518 : 1
[DEBUG] Entry count for : http://localhost:46602 : 1
[DEBUG] Entry count for : http://localhost:64475 : 1
[DEBUG] Entry count for : http://localhost:37337 : 1
[DEBUG] Entry count for : http://localhost:64518 : 1
[DEBUG] Entry count for : http://localhost:46602 : 1
[DEBUG] Entry count for : http://localhost:64475 : 1
[DEBUG] Entry count for : http://localhost:37337 : 1
]]></system-out>
  </testcase>
  <testcase name="clickOnHomeButton" classname="UsingLoops.Amazon_UsingLoops" time="1.453">
    <system-out><![CDATA[[DEBUG] Using pooled Channel '[id: 0xb07ac5c6, L:/127.0.0.1:64516 - R:localhost/127.0.0.1:46602]' for 'POST' to 'http://localhost:46602/session/3e6481e581549a1756a57b06f2c97c04/element'
[DEBUG] Using open Channel [id: 0xb07ac5c6, L:/127.0.0.1:64516 - R:localhost/127.0.0.1:46602] for POST '/session/3e6481e581549a1756a57b06f2c97c04/element'
[DEBUG] 

Request DefaultHttpRequest(decodeResult: success, version: HTTP/1.1)
POST /session/3e6481e581549a1756a57b06f2c97c04/element HTTP/1.1
User-Agent: selenium/4.8.1 (java windows)
Content-Length: 62
Content-Type: application/json; charset=utf-8
host: localhost:46602
accept: */*

Response DefaultHttpResponse(decodeResult: success, version: HTTP/1.1)
HTTP/1.1 200 OK
Content-Length: 88
Content-Type: application/json; charset=utf-8
cache-control: no-cache

[DEBUG] Adding key: http://localhost:46602 for channel [id: 0xb07ac5c6, L:/127.0.0.1:64516 - R:localhost/127.0.0.1:46602]
[DEBUG] Using pooled Channel '[id: 0xb07ac5c6, L:/127.0.0.1:64516 - R:localhost/127.0.0.1:46602]' for 'POST' to 'http://localhost:46602/session/3e6481e581549a1756a57b06f2c97c04/element/aa4887c5-7d34-4f82-a1f2-b297c2374357/click'
[DEBUG] Using open Channel [id: 0xb07ac5c6, L:/127.0.0.1:64516 - R:localhost/127.0.0.1:46602] for POST '/session/3e6481e581549a1756a57b06f2c97c04/element/aa4887c5-7d34-4f82-a1f2-b297c2374357/click'
[DEBUG] Entry count for : http://localhost:64518 : 1
[DEBUG] Entry count for : http://localhost:64475 : 1
[DEBUG] Entry count for : http://localhost:37337 : 1
[DEBUG] 

Request DefaultHttpRequest(decodeResult: success, version: HTTP/1.1)
POST /session/3e6481e581549a1756a57b06f2c97c04/element/aa4887c5-7d34-4f82-a1f2-b297c2374357/click HTTP/1.1
User-Agent: selenium/4.8.1 (java windows)
Content-Length: 50
Content-Type: application/json; charset=utf-8
host: localhost:46602
accept: */*

Response DefaultHttpResponse(decodeResult: success, version: HTTP/1.1)
HTTP/1.1 200 OK
Content-Length: 14
Content-Type: application/json; charset=utf-8
cache-control: no-cache

[DEBUG] Adding key: http://localhost:46602 for channel [id: 0xb07ac5c6, L:/127.0.0.1:64516 - R:localhost/127.0.0.1:46602]
]]></system-out>
  </testcase>
  <testcase name="signOut" classname="UsingLoops.Amazon_UsingLoops" time="2.273">
    <failure message="element not interactable&#10;  (Session info: chrome=111.0.5563.65)&#10;Build info: version: &apos;4.8.1&apos;, revision: &apos;8ebccac989&apos;&#10;System info: os.name: &apos;Windows 11&apos;, os.arch: &apos;amd64&apos;, os.version: &apos;10.0&apos;, java.version: &apos;1.8.0_333&apos;&#10;Driver info: org.openqa.selenium.chrome.ChromeDriver&#10;Command: [3e6481e581549a1756a57b06f2c97c04, clickElement {id=0fa81cd8-61d3-4f74-8fb5-395b254dbfa6}]&#10;Capabilities {acceptInsecureCerts: false, browserName: chrome, browserVersion: 111.0.5563.65, chrome: {chromedriverVersion: 111.0.5563.64 (c710e93d5b63..., userDataDir: C:\Users\chowd\AppData\Loca...}, goog:chromeOptions: {debuggerAddress: localhost:64518}, networkConnectionEnabled: false, pageLoadStrategy: normal, platformName: WINDOWS, proxy: Proxy(), se:cdp: ws://localhost:64518/devtoo..., se:cdpVersion: 111.0.5563.65, setWindowRect: true, strictFileInteractability: false, timeouts: {implicit: 0, pageLoad: 300000, script: 30000}, unhandledPromptBehavior: dismiss and notify, webauthn:extension:credBlob: true, webauthn:extension:largeBlob: true, webauthn:extension:minPinLength: true, webauthn:extension:prf: true, webauthn:virtualAuthenticators: true}&#10;Element: [[ChromeDriver: chrome on WINDOWS (3e6481e581549a1756a57b06f2c97c04)] -&gt; xpath: //span[text() = &apos;Sign Out&apos;]]&#10;Session ID: 3e6481e581549a1756a57b06f2c97c04" type="org.openqa.selenium.ElementNotInteractableException"><![CDATA[org.openqa.selenium.ElementNotInteractableException: 
element not interactable
  (Session info: chrome=111.0.5563.65)
Build info: version: '4.8.1', revision: '8ebccac989'
System info: os.name: 'Windows 11', os.arch: 'amd64', os.version: '10.0', java.version: '1.8.0_333'
Driver info: org.openqa.selenium.chrome.ChromeDriver
Command: [3e6481e581549a1756a57b06f2c97c04, clickElement {id=0fa81cd8-61d3-4f74-8fb5-395b254dbfa6}]
Capabilities {acceptInsecureCerts: false, browserName: chrome, browserVersion: 111.0.5563.65, chrome: {chromedriverVersion: 111.0.5563.64 (c710e93d5b63..., userDataDir: C:\Users\chowd\AppData\Loca...}, goog:chromeOptions: {debuggerAddress: localhost:64518}, networkConnectionEnabled: false, pageLoadStrategy: normal, platformName: WINDOWS, proxy: Proxy(), se:cdp: ws://localhost:64518/devtoo..., se:cdpVersion: 111.0.5563.65, setWindowRect: true, strictFileInteractability: false, timeouts: {implicit: 0, pageLoad: 300000, script: 30000}, unhandledPromptBehavior: dismiss and notify, webauthn:extension:credBlob: true, webauthn:extension:largeBlob: true, webauthn:extension:minPinLength: true, webauthn:extension:prf: true, webauthn:virtualAuthenticators: true}
Element: [[ChromeDriver: chrome on WINDOWS (3e6481e581549a1756a57b06f2c97c04)] -> xpath: //span[text() = 'Sign Out']]
Session ID: 3e6481e581549a1756a57b06f2c97c04
	at sun.reflect.NativeConstructorAccessorImpl.newInstance0(Native Method)
	at sun.reflect.NativeConstructorAccessorImpl.newInstance(NativeConstructorAccessorImpl.java:62)
	at sun.reflect.DelegatingConstructorAccessorImpl.newInstance(DelegatingConstructorAccessorImpl.java:45)
	at java.lang.reflect.Constructor.newInstance(Constructor.java:423)
	at org.openqa.selenium.remote.codec.w3c.W3CHttpResponseCodec.createException(W3CHttpResponseCodec.java:200)
	at org.openqa.selenium.remote.codec.w3c.W3CHttpResponseCodec.decode(W3CHttpResponseCodec.java:133)
	at org.openqa.selenium.remote.codec.w3c.W3CHttpResponseCodec.decode(W3CHttpResponseCodec.java:53)
	at org.openqa.selenium.remote.HttpCommandExecutor.execute(HttpCommandExecutor.java:184)
	at org.openqa.selenium.remote.service.DriverCommandExecutor.invokeExecute(DriverCommandExecutor.java:167)
	at org.openqa.selenium.remote.service.DriverCommandExecutor.execute(DriverCommandExecutor.java:142)
	at org.openqa.selenium.remote.RemoteWebDriver.execute(RemoteWebDriver.java:543)
	at org.openqa.selenium.remote.RemoteWebElement.execute(RemoteWebElement.java:257)
	at org.openqa.selenium.remote.RemoteWebElement.click(RemoteWebElement.java:78)
	at UsingLoops.Amazon_UsingLoops.signOut(Amazon_UsingLoops.java:98)
	at sun.reflect.NativeMethodAccessorImpl.invoke0(Native Method)
	at sun.reflect.NativeMethodAccessorImpl.invoke(NativeMethodAccessorImpl.java:62)
	at sun.reflect.DelegatingMethodAccessorImpl.invoke(DelegatingMethodAccessorImpl.java:43)
	at java.lang.reflect.Method.invoke(Method.java:498)
	at org.testng.internal.MethodInvocationHelper.invokeMethod(MethodInvocationHelper.java:124)
	at org.testng.internal.Invoker.invokeMethod(Invoker.java:583)
	at org.testng.internal.Invoker.invokeTestMethod(Invoker.java:719)
	at org.testng.internal.Invoker.invokeTestMethods(Invoker.java:989)
	at org.testng.internal.TestMethodWorker.invokeTestMethods(TestMethodWorker.java:125)
	at org.testng.internal.TestMethodWorker.run(TestMethodWorker.java:109)
	at org.testng.TestRunner.privateRun(TestRunner.java:648)
	at org.testng.TestRunner.run(TestRunner.java:505)
	at org.testng.SuiteRunner.runTest(SuiteRunner.java:455)
	at org.testng.SuiteRunner.runSequentially(SuiteRunner.java:450)
	at org.testng.SuiteRunner.privateRun(SuiteRunner.java:415)
	at org.testng.SuiteRunner.run(SuiteRunner.java:364)
	at org.testng.SuiteRunnerWorker.runSuite(SuiteRunnerWorker.java:52)
	at org.testng.SuiteRunnerWorker.run(SuiteRunnerWorker.java:84)
	at org.testng.TestNG.runSuitesSequentially(TestNG.java:1208)
	at org.testng.TestNG.runSuitesLocally(TestNG.java:1137)
	at org.testng.TestNG.runSuites(TestNG.java:1049)
	at org.testng.TestNG.run(TestNG.java:1017)
	at org.apache.maven.surefire.testng.TestNGExecutor.run(TestNGExecutor.java:308)
	at org.apache.maven.surefire.testng.TestNGXmlTestSuite.execute(TestNGXmlTestSuite.java:71)
	at org.apache.maven.surefire.testng.TestNGProvider.invoke(TestNGProvider.java:113)
	at org.apache.maven.surefire.booter.ForkedBooter.runSuitesInProcess(ForkedBooter.java:385)
	at org.apache.maven.surefire.booter.ForkedBooter.execute(ForkedBooter.java:162)
	at org.apache.maven.surefire.booter.ForkedBooter.run(ForkedBooter.java:507)
	at org.apache.maven.surefire.booter.ForkedBooter.main(ForkedBooter.java:495)
]]></failure>
    <system-out><![CDATA[[DEBUG] Using pooled Channel '[id: 0xb07ac5c6, L:/127.0.0.1:64516 - R:localhost/127.0.0.1:46602]' for 'POST' to 'http://localhost:46602/session/3e6481e581549a1756a57b06f2c97c04/element'
[DEBUG] Using open Channel [id: 0xb07ac5c6, L:/127.0.0.1:64516 - R:localhost/127.0.0.1:46602] for POST '/session/3e6481e581549a1756a57b06f2c97c04/element'
[DEBUG] 

Request DefaultHttpRequest(decodeResult: success, version: HTTP/1.1)
POST /session/3e6481e581549a1756a57b06f2c97c04/element HTTP/1.1
User-Agent: selenium/4.8.1 (java windows)
Content-Length: 78
Content-Type: application/json; charset=utf-8
host: localhost:46602
accept: */*

Response DefaultHttpResponse(decodeResult: success, version: HTTP/1.1)
HTTP/1.1 200 OK
Content-Length: 88
Content-Type: application/json; charset=utf-8
cache-control: no-cache

[DEBUG] Adding key: http://localhost:46602 for channel [id: 0xb07ac5c6, L:/127.0.0.1:64516 - R:localhost/127.0.0.1:46602]
[DEBUG] Using pooled Channel '[id: 0xb07ac5c6, L:/127.0.0.1:64516 - R:localhost/127.0.0.1:46602]' for 'POST' to 'http://localhost:46602/session/3e6481e581549a1756a57b06f2c97c04/actions'
[DEBUG] Using open Channel [id: 0xb07ac5c6, L:/127.0.0.1:64516 - R:localhost/127.0.0.1:46602] for POST '/session/3e6481e581549a1756a57b06f2c97c04/actions'
[DEBUG] Entry count for : http://localhost:64518 : 1
[DEBUG] Entry count for : http://localhost:64475 : 1
[DEBUG] Entry count for : http://localhost:37337 : 1
[DEBUG] 

Request DefaultHttpRequest(decodeResult: success, version: HTTP/1.1)
POST /session/3e6481e581549a1756a57b06f2c97c04/actions HTTP/1.1
User-Agent: selenium/4.8.1 (java windows)
Content-Length: 480
Content-Type: application/json; charset=utf-8
host: localhost:46602
accept: */*

Response DefaultHttpResponse(decodeResult: success, version: HTTP/1.1)
HTTP/1.1 200 OK
Content-Length: 14
Content-Type: application/json; charset=utf-8
cache-control: no-cache

[DEBUG] Adding key: http://localhost:46602 for channel [id: 0xb07ac5c6, L:/127.0.0.1:64516 - R:localhost/127.0.0.1:46602]
[DEBUG] Entry count for : http://localhost:64518 : 1
[DEBUG] Entry count for : http://localhost:46602 : 1
[DEBUG] Entry count for : http://localhost:64475 : 1
[DEBUG] Entry count for : http://localhost:37337 : 1
[DEBUG] Using pooled Channel '[id: 0xb07ac5c6, L:/127.0.0.1:64516 - R:localhost/127.0.0.1:46602]' for 'POST' to 'http://localhost:46602/session/3e6481e581549a1756a57b06f2c97c04/element'
[DEBUG] Using open Channel [id: 0xb07ac5c6, L:/127.0.0.1:64516 - R:localhost/127.0.0.1:46602] for POST '/session/3e6481e581549a1756a57b06f2c97c04/element'
[DEBUG] 

Request DefaultHttpRequest(decodeResult: success, version: HTTP/1.1)
POST /session/3e6481e581549a1756a57b06f2c97c04/element HTTP/1.1
User-Agent: selenium/4.8.1 (java windows)
Content-Length: 74
Content-Type: application/json; charset=utf-8
host: localhost:46602
accept: */*

Response DefaultHttpResponse(decodeResult: success, version: HTTP/1.1)
HTTP/1.1 200 OK
Content-Length: 88
Content-Type: application/json; charset=utf-8
cache-control: no-cache

[DEBUG] Adding key: http://localhost:46602 for channel [id: 0xb07ac5c6, L:/127.0.0.1:64516 - R:localhost/127.0.0.1:46602]
[DEBUG] Using pooled Channel '[id: 0xb07ac5c6, L:/127.0.0.1:64516 - R:localhost/127.0.0.1:46602]' for 'POST' to 'http://localhost:46602/session/3e6481e581549a1756a57b06f2c97c04/element/0fa81cd8-61d3-4f74-8fb5-395b254dbfa6/click'
[DEBUG] Using open Channel [id: 0xb07ac5c6, L:/127.0.0.1:64516 - R:localhost/127.0.0.1:46602] for POST '/session/3e6481e581549a1756a57b06f2c97c04/element/0fa81cd8-61d3-4f74-8fb5-395b254dbfa6/click'
[DEBUG] 

Request DefaultHttpRequest(decodeResult: success, version: HTTP/1.1)
POST /session/3e6481e581549a1756a57b06f2c97c04/element/0fa81cd8-61d3-4f74-8fb5-395b254dbfa6/click HTTP/1.1
User-Agent: selenium/4.8.1 (java windows)
Content-Length: 50
Content-Type: application/json; charset=utf-8
host: localhost:46602
accept: */*

Response DefaultHttpResponse(decodeResult: success, version: HTTP/1.1)
HTTP/1.1 400 Bad Request
Content-Length: 886
Content-Type: application/json; charset=utf-8
cache-control: no-cache

[DEBUG] Adding key: http://localhost:46602 for channel [id: 0xb07ac5c6, L:/127.0.0.1:64516 - R:localhost/127.0.0.1:46602]
]]></system-out>
  </testcase>
</testsuite>